#
# There is insufficient memory for the Java Runtime Environment to continue.
# Native memory allocation (malloc) failed to allocate 1558896 bytes for Chunk::new
# Possible reasons:
#   The system is out of physical RAM or swap space
#   The process is running with CompressedOops enabled, and the Java Heap may be blocking the growth of the native heap
# Possible solutions:
#   Reduce memory load on the system
#   Increase physical memory or swap space
#   Check if swap backing store is full
#   Decrease Java heap size (-Xmx/-Xms)
#   Decrease number of Java threads
#   Decrease Java thread stack sizes (-Xss)
#   Set larger code cache with -XX:ReservedCodeCacheSize=
#   JVM is running with Zero Based Compressed Oops mode in which the Java heap is
#     placed in the first 32GB address space. The Java Heap base address is the
#     maximum limit for the native heap growth. Please use -XX:HeapBaseMinAddress
#     to set the Java Heap base and to place the Java Heap above 32GB virtual address.
# This output file may be truncated or incomplete.
#
#  Out of Memory Error (arena.cpp:168), pid=9072, tid=12200
#
# JRE version: Java(TM) SE Runtime Environment (21.0.5+9) (build 21.0.5+9-LTS-239)
# Java VM: Java HotSpot(TM) 64-Bit Server VM (21.0.5+9-LTS-239, mixed mode, sharing, tiered, compressed oops, compressed class ptrs, g1 gc, windows-amd64)
# No core dump will be written. Minidumps are not enabled by default on client versions of Windows
#

---------------  S U M M A R Y ------------

Command Line: --add-opens=java.base/java.util=ALL-UNNAMED --add-opens=java.base/java.lang=ALL-UNNAMED --add-opens=java.base/java.lang.invoke=ALL-UNNAMED --add-opens=java.prefs/java.util.prefs=ALL-UNNAMED --add-exports=jdk.compiler/com.sun.tools.javac.api=ALL-UNNAMED --add-exports=jdk.compiler/com.sun.tools.javac.util=ALL-UNNAMED --add-opens=java.base/java.nio.charset=ALL-UNNAMED --add-opens=java.base/java.net=ALL-UNNAMED --add-opens=java.base/java.util.concurrent.atomic=ALL-UNNAMED -Xmx4096m -Dfile.encoding=UTF-8 -Duser.country=US -Duser.language=en -Duser.variant -javaagent:C:\Users\ASUS\.gradle\wrapper\dists\gradle-8.9-bin\90cnw93cvbtalezasaz0blq0a\gradle-8.9\lib\agents\gradle-instrumentation-agent-8.9.jar org.gradle.launcher.daemon.bootstrap.GradleDaemon 8.9

Host: 11th Gen Intel(R) Core(TM) i5-11400H @ 2.70GHz, 12 cores, 7G,  Windows 11 , 64 bit Build 26100 (10.0.26100.2454)
Time: Sat Feb  1 23:11:56 2025 Sri Lanka Standard Time elapsed time: 6.663460 seconds (0d 0h 0m 6s)

---------------  T H R E A D  ---------------

Current thread (0x00000287a742d9b0):  JavaThread "C2 CompilerThread0" daemon [_thread_in_native, id=12200, stack(0x000000d780900000,0x000000d780a00000) (1024K)]


Current CompileTask:
C2:   6663 6219       4       java.lang.invoke.MethodType::makeImpl (109 bytes)

Stack: [0x000000d780900000,0x000000d780a00000]
Native frames: (J=compiled Java code, j=interpreted, Vv=VM code, C=native code)
V  [jvm.dll+0x6ca289]
V  [jvm.dll+0x854a51]
V  [jvm.dll+0x856f7e]
V  [jvm.dll+0x857653]
V  [jvm.dll+0x27dd26]
V  [jvm.dll+0xc4c2d]
V  [jvm.dll+0xc5163]
V  [jvm.dll+0x3b4d02]
V  [jvm.dll+0x3814b5]
V  [jvm.dll+0x38092a]
V  [jvm.dll+0x246910]
V  [jvm.dll+0x245eef]
V  [jvm.dll+0x1c6d0e]
V  [jvm.dll+0x2554d9]
V  [jvm.dll+0x253a6a]
V  [jvm.dll+0x3ee136]
V  [jvm.dll+0x7fee9b]
V  [jvm.dll+0x6c896d]
C  [ucrtbase.dll+0x14ea0]
C  [KERNEL32.DLL+0x2e8d7]
C  [ntdll.dll+0xdfbcc]


---------------  P R O C E S S  ---------------

Threads class SMR info:
_java_thread_list=0x00000287f1ad0cd0, length=44, elements={
0x0000028785b82d20, 0x00000287a74193a0, 0x00000287a7419b00, 0x00000287a741e5e0,
0x00000287a741ec40, 0x00000287a74202b0, 0x00000287a7425290, 0x00000287a742d9b0,
0x00000287a743a090, 0x00000287a76b26a0, 0x00000287a78247c0, 0x00000287a7859e60,
0x00000287ee54b7b0, 0x00000287ee5f38c0, 0x00000287ee737a80, 0x00000287ee6c2ea0,
0x00000287ee6b1b40, 0x00000287ee68a000, 0x00000287ee68c670, 0x00000287ee784ed0,
0x00000287ee8ec3f0, 0x00000287ee8ea9b0, 0x00000287ee8eca80, 0x00000287ee8ebd60,
0x00000287ee8ed110, 0x00000287ee8ede30, 0x00000287ee8eb040, 0x00000287ee8eb6d0,
0x00000287ef8504e0, 0x00000287ef84d6f0, 0x00000287ef84f130, 0x00000287ef84f7c0,
0x00000287ef84e410, 0x00000287ef852c40, 0x00000287ef84fe50, 0x00000287ef853960,
0x00000287ef7220d0, 0x00000287ef723b10, 0x00000287ef7241a0, 0x00000287ef721a40,
0x00000287ef722760, 0x00000287ef723480, 0x00000287ef722df0, 0x00000287ef7213b0
}

Java Threads: ( => current thread )
  0x0000028785b82d20 JavaThread "main"                              [_thread_blocked, id=6856, stack(0x000000d7ffb00000,0x000000d7ffc00000) (1024K)]
  0x00000287a74193a0 JavaThread "Reference Handler"          daemon [_thread_blocked, id=6288, stack(0x000000d780300000,0x000000d780400000) (1024K)]
  0x00000287a7419b00 JavaThread "Finalizer"                  daemon [_thread_blocked, id=15464, stack(0x000000d780400000,0x000000d780500000) (1024K)]
  0x00000287a741e5e0 JavaThread "Signal Dispatcher"          daemon [_thread_blocked, id=2528, stack(0x000000d780500000,0x000000d780600000) (1024K)]
  0x00000287a741ec40 JavaThread "Attach Listener"            daemon [_thread_blocked, id=16424, stack(0x000000d780600000,0x000000d780700000) (1024K)]
  0x00000287a74202b0 JavaThread "Service Thread"             daemon [_thread_blocked, id=6252, stack(0x000000d780700000,0x000000d780800000) (1024K)]
  0x00000287a7425290 JavaThread "Monitor Deflation Thread"   daemon [_thread_blocked, id=7364, stack(0x000000d780800000,0x000000d780900000) (1024K)]
=>0x00000287a742d9b0 JavaThread "C2 CompilerThread0"         daemon [_thread_in_native, id=12200, stack(0x000000d780900000,0x000000d780a00000) (1024K)]
  0x00000287a743a090 JavaThread "C1 CompilerThread0"         daemon [_thread_blocked, id=9952, stack(0x000000d780a00000,0x000000d780b00000) (1024K)]
  0x00000287a76b26a0 JavaThread "Common-Cleaner"             daemon [_thread_blocked, id=7400, stack(0x000000d780b00000,0x000000d780c00000) (1024K)]
  0x00000287a78247c0 JavaThread "Notification Thread"        daemon [_thread_blocked, id=14308, stack(0x000000d780c00000,0x000000d780d00000) (1024K)]
  0x00000287a7859e60 JavaThread "C2 CompilerThread1"         daemon [_thread_blocked, id=4872, stack(0x000000d780d00000,0x000000d780e00000) (1024K)]
  0x00000287ee54b7b0 JavaThread "Daemon health stats"               [_thread_blocked, id=14692, stack(0x000000d781200000,0x000000d781300000) (1024K)]
  0x00000287ee5f38c0 JavaThread "Incoming local TCP Connector on port 57593"        [_thread_in_native, id=23468, stack(0x000000d781700000,0x000000d781800000) (1024K)]
  0x00000287ee737a80 JavaThread "Daemon periodic checks"            [_thread_blocked, id=15976, stack(0x000000d781800000,0x000000d781900000) (1024K)]
  0x00000287ee6c2ea0 JavaThread "Daemon"                            [_thread_blocked, id=22240, stack(0x000000d781900000,0x000000d781a00000) (1024K)]
  0x00000287ee6b1b40 JavaThread "Handler for socket connection from /127.0.0.1:57593 to /127.0.0.1:57594"        [_thread_in_native, id=11720, stack(0x000000d781a00000,0x000000d781b00000) (1024K)]
  0x00000287ee68a000 JavaThread "Cancel handler"                    [_thread_blocked, id=10220, stack(0x000000d781b00000,0x000000d781c00000) (1024K)]
  0x00000287ee68c670 JavaThread "Daemon worker"                     [_thread_in_native, id=1732, stack(0x000000d781c00000,0x000000d781d00000) (1024K)]
  0x00000287ee784ed0 JavaThread "Asynchronous log dispatcher for DefaultDaemonConnection: socket connection from /127.0.0.1:57593 to /127.0.0.1:57594"        [_thread_blocked, id=3984, stack(0x000000d781d00000,0x000000d781e00000) (1024K)]
  0x00000287ee8ec3f0 JavaThread "Stdin handler"                     [_thread_blocked, id=20164, stack(0x000000d781e00000,0x000000d781f00000) (1024K)]
  0x00000287ee8ea9b0 JavaThread "Daemon client event forwarder"        [_thread_blocked, id=19164, stack(0x000000d781f00000,0x000000d782000000) (1024K)]
  0x00000287ee8eca80 JavaThread "Cache worker for journal cache (C:\Users\ASUS\.gradle\caches\journal-1)"        [_thread_blocked, id=10908, stack(0x000000d782000000,0x000000d782100000) (1024K)]
  0x00000287ee8ebd60 JavaThread "File lock request listener"        [_thread_in_native, id=21064, stack(0x000000d782100000,0x000000d782200000) (1024K)]
  0x00000287ee8ed110 JavaThread "Cache worker for file hash cache (C:\Users\ASUS\.gradle\caches\8.9\fileHashes)"        [_thread_blocked, id=7564, stack(0x000000d782200000,0x000000d782300000) (1024K)]
  0x00000287ee8ede30 JavaThread "Cache worker for file hash cache (D:\NIBM DOC\MAD\CW\Flight-Reservation-System\.gradle\8.9\fileHashes)"        [_thread_blocked, id=14972, stack(0x000000d782600000,0x000000d782700000) (1024K)]
  0x00000287ee8eb040 JavaThread "Cache worker for Build Output Cleanup Cache (D:\NIBM DOC\MAD\CW\Flight-Reservation-System\.gradle\buildOutputCleanup)"        [_thread_blocked, id=6256, stack(0x000000d782700000,0x000000d782800000) (1024K)]
  0x00000287ee8eb6d0 JavaThread "File watcher server"        daemon [_thread_in_native, id=7000, stack(0x000000d782800000,0x000000d782900000) (1024K)]
  0x00000287ef8504e0 JavaThread "File watcher consumer"      daemon [_thread_blocked, id=19392, stack(0x000000d782900000,0x000000d782a00000) (1024K)]
  0x00000287ef84d6f0 JavaThread "Cache worker for checksums cache (D:\NIBM DOC\MAD\CW\Flight-Reservation-System\.gradle\8.9\checksums)"        [_thread_blocked, id=22576, stack(0x000000d782a00000,0x000000d782b00000) (1024K)]
  0x00000287ef84f130 JavaThread "Cache worker for file content cache (C:\Users\ASUS\.gradle\caches\8.9\fileContent)"        [_thread_blocked, id=13036, stack(0x000000d782b00000,0x000000d782c00000) (1024K)]
  0x00000287ef84f7c0 JavaThread "Cache worker for cache directory md-rule (C:\Users\ASUS\.gradle\caches\8.9\md-rule)"        [_thread_blocked, id=18456, stack(0x000000d782c00000,0x000000d782d00000) (1024K)]
  0x00000287ef84e410 JavaThread "Cache worker for cache directory md-supplier (C:\Users\ASUS\.gradle\caches\8.9\md-supplier)"        [_thread_blocked, id=15764, stack(0x000000d782d00000,0x000000d782e00000) (1024K)]
  0x00000287ef852c40 JavaThread "Unconstrained build operations"        [_thread_blocked, id=4004, stack(0x000000d782e00000,0x000000d782f00000) (1024K)]
  0x00000287ef84fe50 JavaThread "Unconstrained build operations Thread 2"        [_thread_blocked, id=15108, stack(0x000000d782f00000,0x000000d783000000) (1024K)]
  0x00000287ef853960 JavaThread "Unconstrained build operations Thread 3"        [_thread_blocked, id=20688, stack(0x000000d783000000,0x000000d783100000) (1024K)]
  0x00000287ef7220d0 JavaThread "Unconstrained build operations Thread 4"        [_thread_blocked, id=20356, stack(0x000000d783100000,0x000000d783200000) (1024K)]
  0x00000287ef723b10 JavaThread "Unconstrained build operations Thread 5"        [_thread_blocked, id=20960, stack(0x000000d783200000,0x000000d783300000) (1024K)]
  0x00000287ef7241a0 JavaThread "Unconstrained build operations Thread 6"        [_thread_blocked, id=23164, stack(0x000000d783300000,0x000000d783400000) (1024K)]
  0x00000287ef721a40 JavaThread "Unconstrained build operations Thread 7"        [_thread_blocked, id=22168, stack(0x000000d783400000,0x000000d783500000) (1024K)]
  0x00000287ef722760 JavaThread "Unconstrained build operations Thread 8"        [_thread_blocked, id=22632, stack(0x000000d783500000,0x000000d783600000) (1024K)]
  0x00000287ef723480 JavaThread "Unconstrained build operations Thread 9"        [_thread_blocked, id=21392, stack(0x000000d783600000,0x000000d783700000) (1024K)]
  0x00000287ef722df0 JavaThread "Unconstrained build operations Thread 10"        [_thread_blocked, id=20208, stack(0x000000d783700000,0x000000d783800000) (1024K)]
  0x00000287ef7213b0 JavaThread "Unconstrained build operations Thread 11"        [_thread_blocked, id=23372, stack(0x000000d783800000,0x000000d783900000) (1024K)]
Total: 44

Other Threads:
  0x00000287a74025a0 VMThread "VM Thread"                           [id=7184, stack(0x000000d780200000,0x000000d780300000) (1024K)]
  0x00000287a73f4590 WatcherThread "VM Periodic Task Thread"        [id=14100, stack(0x000000d780100000,0x000000d780200000) (1024K)]
  0x0000028787e85db0 WorkerThread "GC Thread#0"                     [id=4476, stack(0x000000d7ffc00000,0x000000d7ffd00000) (1024K)]
  0x00000287a7934ef0 WorkerThread "GC Thread#1"                     [id=10768, stack(0x000000d780e00000,0x000000d780f00000) (1024K)]
  0x00000287ed2b7cb0 WorkerThread "GC Thread#2"                     [id=14732, stack(0x000000d780f00000,0x000000d781000000) (1024K)]
  0x00000287ed307040 WorkerThread "GC Thread#3"                     [id=12124, stack(0x000000d781000000,0x000000d781100000) (1024K)]
  0x00000287ed87bb80 WorkerThread "GC Thread#4"                     [id=15892, stack(0x000000d781100000,0x000000d781200000) (1024K)]
  0x00000287ee449aa0 WorkerThread "GC Thread#5"                     [id=5076, stack(0x000000d781300000,0x000000d781400000) (1024K)]
  0x00000287ee449e40 WorkerThread "GC Thread#6"                     [id=3232, stack(0x000000d781400000,0x000000d781500000) (1024K)]
  0x00000287ee44ae00 WorkerThread "GC Thread#7"                     [id=9084, stack(0x000000d781500000,0x000000d781600000) (1024K)]
  0x00000287ee44b1a0 WorkerThread "GC Thread#8"                     [id=13332, stack(0x000000d781600000,0x000000d781700000) (1024K)]
  0x00000287ee612010 WorkerThread "GC Thread#9"                     [id=19956, stack(0x000000d782300000,0x000000d782400000) (1024K)]
  0x0000028785c4dfe0 ConcurrentGCThread "G1 Main Marker"            [id=9016, stack(0x000000d7ffd00000,0x000000d7ffe00000) (1024K)]
  0x0000028785c4e9f0 WorkerThread "G1 Conc#0"                       [id=656, stack(0x000000d7ffe00000,0x000000d7fff00000) (1024K)]
  0x00000287ee610a50 WorkerThread "G1 Conc#1"                       [id=4036, stack(0x000000d782400000,0x000000d782500000) (1024K)]
  0x00000287ee611530 WorkerThread "G1 Conc#2"                       [id=8032, stack(0x000000d782500000,0x000000d782600000) (1024K)]
  0x0000028787edea30 ConcurrentGCThread "G1 Refine#0"               [id=17748, stack(0x000000d7fff00000,0x000000d800000000) (1024K)]
  0x00000287a72c1520 ConcurrentGCThread "G1 Service"                [id=2816, stack(0x000000d780000000,0x000000d780100000) (1024K)]
Total: 18

Threads with active compile tasks:
C2 CompilerThread0     6691 6219       4       java.lang.invoke.MethodType::makeImpl (109 bytes)
Total: 1

VM state: not at safepoint (normal execution)

VM Mutex/Monitor currently owned by a thread: None

Heap address: 0x0000000700000000, size: 4096 MB, Compressed Oops mode: Zero based, Oop shift amount: 3

CDS archive(s) mapped at: [0x00000287a8000000-0x00000287a8c90000-0x00000287a8c90000), size 13172736, SharedBaseAddress: 0x00000287a8000000, ArchiveRelocationMode: 1.
Compressed class space mapped at: 0x00000287a9000000-0x00000287e9000000, reserved size: 1073741824
Narrow klass base: 0x00000287a8000000, Narrow klass shift: 0, Narrow klass range: 0x100000000

GC Precious Log:
 CardTable entry size: 512
 Card Set container configuration: InlinePtr #cards 4 size 8 Array Of Cards #cards 16 size 48 Howl #buckets 8 coarsen threshold 3686 Howl Bitmap #cards 512 size 80 coarsen threshold 460 Card regions per heap region 1 cards per card region 4096
 CPUs: 12 total, 12 available
 Memory: 7930M
 Large Page Support: Disabled
 NUMA Support: Disabled
 Compressed Oops: Enabled (Zero based)
 Heap Region Size: 2M
 Heap Min Capacity: 8M
 Heap Initial Capacity: 124M
 Heap Max Capacity: 4G
 Pre-touch: Disabled
 Parallel Workers: 10
 Concurrent Workers: 3
 Concurrent Refinement Workers: 10
 Periodic GC: Disabled

Heap:
 garbage-first heap   total 122880K, used 73472K [0x0000000700000000, 0x0000000800000000)
  region size 2048K, 22 young (45056K), 4 survivors (8192K)
 Metaspace       used 53139K, committed 54848K, reserved 1114112K
  class space    used 7568K, committed 8448K, reserved 1048576K

Heap Regions: E=young(eden), S=young(survivor), O=old, HS=humongous(starts), HC=humongous(continues), CS=collection set, F=free, TAMS=top-at-mark-start, PB=parsable bottom
|   0|0x0000000700000000, 0x0000000700200000, 0x0000000700200000|100%| O|  |TAMS 0x0000000700000000| PB 0x0000000700000000| Untracked 
|   1|0x0000000700200000, 0x0000000700400000, 0x0000000700400000|100%|HS|  |TAMS 0x0000000700200000| PB 0x0000000700200000| Complete 
|   2|0x0000000700400000, 0x0000000700600000, 0x0000000700600000|100%|HC|  |TAMS 0x0000000700400000| PB 0x0000000700400000| Complete 
|   3|0x0000000700600000, 0x0000000700800000, 0x0000000700800000|100%| O|  |TAMS 0x0000000700600000| PB 0x0000000700600000| Untracked 
|   4|0x0000000700800000, 0x0000000700a00000, 0x0000000700a00000|100%| O|  |TAMS 0x0000000700800000| PB 0x0000000700800000| Untracked 
|   5|0x0000000700a00000, 0x0000000700c00000, 0x0000000700c00000|100%| O|  |TAMS 0x0000000700a00000| PB 0x0000000700a00000| Untracked 
|   6|0x0000000700c00000, 0x0000000700e00000, 0x0000000700e00000|100%| O|  |TAMS 0x0000000700c00000| PB 0x0000000700c00000| Untracked 
|   7|0x0000000700e00000, 0x0000000701000000, 0x0000000701000000|100%| O|  |TAMS 0x0000000700e00000| PB 0x0000000700e00000| Untracked 
|   8|0x0000000701000000, 0x0000000701200000, 0x0000000701200000|100%| O|  |TAMS 0x0000000701000000| PB 0x0000000701000000| Untracked 
|   9|0x0000000701200000, 0x0000000701200000, 0x0000000701400000|  0%| F|  |TAMS 0x0000000701200000| PB 0x0000000701200000| Untracked 
|  10|0x0000000701400000, 0x000000070157fbb0, 0x0000000701600000| 74%| O|  |TAMS 0x0000000701400000| PB 0x0000000701400000| Untracked 
|  11|0x0000000701600000, 0x0000000701800000, 0x0000000701800000|100%| O|  |TAMS 0x0000000701600000| PB 0x0000000701600000| Untracked 
|  12|0x0000000701800000, 0x0000000701a00000, 0x0000000701a00000|100%| O|  |TAMS 0x0000000701800000| PB 0x0000000701800000| Untracked 
|  13|0x0000000701a00000, 0x0000000701b40a68, 0x0000000701c00000| 62%| O|  |TAMS 0x0000000701a00000| PB 0x0000000701a00000| Untracked 
|  14|0x0000000701c00000, 0x0000000701c00000, 0x0000000701e00000|  0%| F|  |TAMS 0x0000000701c00000| PB 0x0000000701c00000| Untracked 
|  15|0x0000000701e00000, 0x0000000701e00000, 0x0000000702000000|  0%| F|  |TAMS 0x0000000701e00000| PB 0x0000000701e00000| Untracked 
|  16|0x0000000702000000, 0x0000000702000000, 0x0000000702200000|  0%| F|  |TAMS 0x0000000702000000| PB 0x0000000702000000| Untracked 
|  17|0x0000000702200000, 0x0000000702200000, 0x0000000702400000|  0%| F|  |TAMS 0x0000000702200000| PB 0x0000000702200000| Untracked 
|  18|0x0000000702400000, 0x0000000702400000, 0x0000000702600000|  0%| F|  |TAMS 0x0000000702400000| PB 0x0000000702400000| Untracked 
|  19|0x0000000702600000, 0x0000000702600000, 0x0000000702800000|  0%| F|  |TAMS 0x0000000702600000| PB 0x0000000702600000| Untracked 
|  20|0x0000000702800000, 0x0000000702800000, 0x0000000702a00000|  0%| F|  |TAMS 0x0000000702800000| PB 0x0000000702800000| Untracked 
|  21|0x0000000702a00000, 0x0000000702affb40, 0x0000000702c00000| 49%| S|CS|TAMS 0x0000000702a00000| PB 0x0000000702a00000| Complete 
|  22|0x0000000702c00000, 0x0000000702e00000, 0x0000000702e00000|100%| S|CS|TAMS 0x0000000702c00000| PB 0x0000000702c00000| Complete 
|  23|0x0000000702e00000, 0x0000000703000000, 0x0000000703000000|100%| S|CS|TAMS 0x0000000702e00000| PB 0x0000000702e00000| Complete 
|  24|0x0000000703000000, 0x0000000703200000, 0x0000000703200000|100%| S|CS|TAMS 0x0000000703000000| PB 0x0000000703000000| Complete 
|  25|0x0000000703200000, 0x0000000703200000, 0x0000000703400000|  0%| F|  |TAMS 0x0000000703200000| PB 0x0000000703200000| Untracked 
|  26|0x0000000703400000, 0x0000000703400000, 0x0000000703600000|  0%| F|  |TAMS 0x0000000703400000| PB 0x0000000703400000| Untracked 
|  27|0x0000000703600000, 0x0000000703600000, 0x0000000703800000|  0%| F|  |TAMS 0x0000000703600000| PB 0x0000000703600000| Untracked 
|  28|0x0000000703800000, 0x0000000703800000, 0x0000000703a00000|  0%| F|  |TAMS 0x0000000703800000| PB 0x0000000703800000| Untracked 
|  29|0x0000000703a00000, 0x0000000703a00000, 0x0000000703c00000|  0%| F|  |TAMS 0x0000000703a00000| PB 0x0000000703a00000| Untracked 
|  30|0x0000000703c00000, 0x0000000703c00000, 0x0000000703e00000|  0%| F|  |TAMS 0x0000000703c00000| PB 0x0000000703c00000| Untracked 
|  31|0x0000000703e00000, 0x0000000703e00000, 0x0000000704000000|  0%| F|  |TAMS 0x0000000703e00000| PB 0x0000000703e00000| Untracked 
|  32|0x0000000704000000, 0x0000000704000000, 0x0000000704200000|  0%| F|  |TAMS 0x0000000704000000| PB 0x0000000704000000| Untracked 
|  33|0x0000000704200000, 0x0000000704200000, 0x0000000704400000|  0%| F|  |TAMS 0x0000000704200000| PB 0x0000000704200000| Untracked 
|  34|0x0000000704400000, 0x0000000704400000, 0x0000000704600000|  0%| F|  |TAMS 0x0000000704400000| PB 0x0000000704400000| Untracked 
|  35|0x0000000704600000, 0x0000000704600000, 0x0000000704800000|  0%| F|  |TAMS 0x0000000704600000| PB 0x0000000704600000| Untracked 
|  36|0x0000000704800000, 0x0000000704800000, 0x0000000704a00000|  0%| F|  |TAMS 0x0000000704800000| PB 0x0000000704800000| Untracked 
|  37|0x0000000704a00000, 0x0000000704a00000, 0x0000000704c00000|  0%| F|  |TAMS 0x0000000704a00000| PB 0x0000000704a00000| Untracked 
|  38|0x0000000704c00000, 0x0000000704c00000, 0x0000000704e00000|  0%| F|  |TAMS 0x0000000704c00000| PB 0x0000000704c00000| Untracked 
|  39|0x0000000704e00000, 0x0000000704f00800, 0x0000000705000000| 50%| E|  |TAMS 0x0000000704e00000| PB 0x0000000704e00000| Complete 
|  40|0x0000000705000000, 0x0000000705200000, 0x0000000705200000|100%| E|CS|TAMS 0x0000000705000000| PB 0x0000000705000000| Complete 
|  41|0x0000000705200000, 0x0000000705400000, 0x0000000705400000|100%| E|CS|TAMS 0x0000000705200000| PB 0x0000000705200000| Complete 
|  42|0x0000000705400000, 0x0000000705600000, 0x0000000705600000|100%| E|CS|TAMS 0x0000000705400000| PB 0x0000000705400000| Complete 
|  43|0x0000000705600000, 0x0000000705800000, 0x0000000705800000|100%| E|CS|TAMS 0x0000000705600000| PB 0x0000000705600000| Complete 
|  44|0x0000000705800000, 0x0000000705a00000, 0x0000000705a00000|100%| E|CS|TAMS 0x0000000705800000| PB 0x0000000705800000| Complete 
|  45|0x0000000705a00000, 0x0000000705c00000, 0x0000000705c00000|100%| E|CS|TAMS 0x0000000705a00000| PB 0x0000000705a00000| Complete 
|  46|0x0000000705c00000, 0x0000000705e00000, 0x0000000705e00000|100%| E|CS|TAMS 0x0000000705c00000| PB 0x0000000705c00000| Complete 
|  47|0x0000000705e00000, 0x0000000706000000, 0x0000000706000000|100%| E|CS|TAMS 0x0000000705e00000| PB 0x0000000705e00000| Complete 
|  48|0x0000000706000000, 0x0000000706200000, 0x0000000706200000|100%| E|CS|TAMS 0x0000000706000000| PB 0x0000000706000000| Complete 
|  49|0x0000000706200000, 0x0000000706400000, 0x0000000706400000|100%| E|CS|TAMS 0x0000000706200000| PB 0x0000000706200000| Complete 
|  50|0x0000000706400000, 0x0000000706600000, 0x0000000706600000|100%| E|CS|TAMS 0x0000000706400000| PB 0x0000000706400000| Complete 
|  51|0x0000000706600000, 0x0000000706800000, 0x0000000706800000|100%| E|CS|TAMS 0x0000000706600000| PB 0x0000000706600000| Complete 
|  52|0x0000000706800000, 0x0000000706a00000, 0x0000000706a00000|100%| E|CS|TAMS 0x0000000706800000| PB 0x0000000706800000| Complete 
|  53|0x0000000706a00000, 0x0000000706c00000, 0x0000000706c00000|100%| E|CS|TAMS 0x0000000706a00000| PB 0x0000000706a00000| Complete 
|  54|0x0000000706c00000, 0x0000000706e00000, 0x0000000706e00000|100%| E|CS|TAMS 0x0000000706c00000| PB 0x0000000706c00000| Complete 
|  55|0x0000000706e00000, 0x0000000707000000, 0x0000000707000000|100%| E|CS|TAMS 0x0000000706e00000| PB 0x0000000706e00000| Complete 
|  61|0x0000000707a00000, 0x0000000707c00000, 0x0000000707c00000|100%| E|CS|TAMS 0x0000000707a00000| PB 0x0000000707a00000| Complete 
|2045|0x00000007ffa00000, 0x00000007ffc00000, 0x00000007ffc00000|100%| O|  |TAMS 0x00000007ffa00000| PB 0x00000007ffa00000| Untracked 
|2046|0x00000007ffc00000, 0x00000007ffe00000, 0x00000007ffe00000|100%| O|  |TAMS 0x00000007ffc00000| PB 0x00000007ffc00000| Untracked 
|2047|0x00000007ffe00000, 0x0000000800000000, 0x0000000800000000|100%| O|  |TAMS 0x00000007ffe00000| PB 0x00000007ffe00000| Untracked 

Card table byte_map: [0x000002879fff0000,0x00000287a07f0000] _byte_map_base: 0x000002879c7f0000

Marking Bits: (CMBitMap*) 0x0000028787e863c0
 Bits: [0x00000287a07f0000, 0x00000287a47f0000)

Polling page: 0x0000028787570000

Metaspace:

Usage:
  Non-class:     44.51 MB used.
      Class:      7.39 MB used.
       Both:     51.91 MB used.

Virtual space:
  Non-class space:       64.00 MB reserved,      45.31 MB ( 71%) committed,  1 nodes.
      Class space:        1.00 GB reserved,       8.25 MB ( <1%) committed,  1 nodes.
             Both:        1.06 GB reserved,      53.56 MB (  5%) committed. 

Chunk freelists:
   Non-Class:  2.39 MB
       Class:  7.78 MB
        Both:  10.17 MB

MaxMetaspaceSize: unlimited
CompressedClassSpaceSize: 1.00 GB
Initial GC threshold: 21.00 MB
Current GC threshold: 59.31 MB
CDS: on
 - commit_granule_bytes: 65536.
 - commit_granule_words: 8192.
 - virtual_space_node_default_size: 8388608.
 - enlarge_chunks_in_place: 1.
 - use_allocation_guard: 0.


Internal statistics:

num_allocs_failed_limit: 9.
num_arena_births: 3004.
num_arena_deaths: 0.
num_vsnodes_births: 2.
num_vsnodes_deaths: 0.
num_space_committed: 857.
num_space_uncommitted: 0.
num_chunks_returned_to_freelist: 9.
num_chunks_taken_from_freelist: 5470.
num_chunk_merges: 9.
num_chunk_splits: 3581.
num_chunks_enlarged: 2206.
num_inconsistent_stats: 0.

CodeHeap 'non-profiled nmethods': size=120000Kb used=3515Kb max_used=3515Kb free=116484Kb
 bounds [0x0000028797d70000, 0x00000287980e0000, 0x000002879f2a0000]
CodeHeap 'profiled nmethods': size=120000Kb used=11198Kb max_used=11198Kb free=108801Kb
 bounds [0x00000287902a0000, 0x0000028790d90000, 0x00000287977d0000]
CodeHeap 'non-nmethods': size=5760Kb used=2214Kb max_used=2270Kb free=3545Kb
 bounds [0x00000287977d0000, 0x0000028797a40000, 0x0000028797d70000]
 total_blobs=6755 nmethods=6005 adapters=653
 compilation: enabled
              stopped_count=0, restarted_count=0
 full_count=0

Compilation events (20 events):
Event: 5.656 Thread 0x00000287a743a090 6398       3       org.gradle.internal.model.CalculatedValueContainer::access$102 (7 bytes)
Event: 5.656 Thread 0x00000287a743a090 nmethod 6398 0x0000028790d69890 code [0x0000028790d69a20, 0x0000028790d69b70]
Event: 5.656 Thread 0x00000287a743a090 6399       3       org.gradle.cache.internal.filelock.LockStateAccess::writeState (90 bytes)
Event: 5.657 Thread 0x00000287a743a090 nmethod 6399 0x0000028790d69c90 code [0x0000028790d69fa0, 0x0000028790d6b3d8]
Event: 5.657 Thread 0x00000287a7859e60 6400       4       java.util.HashMap::getNode (150 bytes)
Event: 5.659 Thread 0x00000287a7859e60 nmethod 6400 0x00000287980d3710 code [0x00000287980d38c0, 0x00000287980d3bc0]
Event: 5.659 Thread 0x00000287a7859e60 6401 %     4       java.util.Arrays::fill @ 5 (21 bytes)
Event: 5.659 Thread 0x00000287a743a090 6402       1       org.gradle.internal.io.StreamByteBuffer::getOutputStream (5 bytes)
Event: 5.659 Thread 0x00000287a743a090 nmethod 6402 0x00000287980d3d90 code [0x00000287980d3f20, 0x00000287980d3ff0]
Event: 5.659 Thread 0x00000287a743a090 6404       3       org.gradle.cache.internal.btree.FileBackedBlockStore::attach (21 bytes)
Event: 5.660 Thread 0x00000287a743a090 nmethod 6404 0x0000028790d6bb90 code [0x0000028790d6bd60, 0x0000028790d6c3b8]
Event: 5.660 Thread 0x00000287a743a090 6403       1       org.gradle.internal.io.StreamByteBuffer::access$000 (5 bytes)
Event: 5.660 Thread 0x00000287a743a090 nmethod 6403 0x00000287980d4090 code [0x00000287980d4220, 0x00000287980d42d0]
Event: 5.660 Thread 0x00000287a743a090 6405       1       com.google.common.io.CountingOutputStream::getCount (5 bytes)
Event: 5.660 Thread 0x00000287a743a090 nmethod 6405 0x00000287980d4390 code [0x00000287980d4520, 0x00000287980d45e8]
Event: 5.660 Thread 0x00000287a743a090 6406       3       sun.nio.fs.WindowsPath::resolve (6 bytes)
Event: 5.660 Thread 0x00000287a743a090 nmethod 6406 0x0000028790d6c510 code [0x0000028790d6c6c0, 0x0000028790d6c880]
Event: 5.660 Thread 0x00000287a743a090 6407       3       sun.nio.fs.WindowsPath::resolve (393 bytes)
Event: 6.661 Thread 0x00000287a743a090 nmethod 6407 0x0000028790d6c910 code [0x0000028790d6d0a0, 0x0000028790d70e20]
Event: 6.661 Thread 0x00000287a743a090 6409       1       org.gradle.api.internal.artifacts.DefaultResolvableArtifact::getId (5 bytes)

GC Heap History (20 events):
Event: 0.306 GC heap before
{Heap before GC invocations=0 (full 0):
 garbage-first heap   total 126976K, used 20480K [0x0000000700000000, 0x0000000800000000)
  region size 2048K, 11 young (22528K), 0 survivors (0K)
 Metaspace       used 1084K, committed 1216K, reserved 1114112K
  class space    used 75K, committed 128K, reserved 1048576K
}
Event: 0.309 GC heap after
{Heap after GC invocations=1 (full 0):
 garbage-first heap   total 126976K, used 4896K [0x0000000700000000, 0x0000000800000000)
  region size 2048K, 2 young (4096K), 2 survivors (4096K)
 Metaspace       used 1084K, committed 1216K, reserved 1114112K
  class space    used 75K, committed 128K, reserved 1048576K
}
Event: 0.694 GC heap before
{Heap before GC invocations=1 (full 0):
 garbage-first heap   total 126976K, used 43808K [0x0000000700000000, 0x0000000800000000)
  region size 2048K, 19 young (38912K), 2 survivors (4096K)
 Metaspace       used 4290K, committed 4480K, reserved 1114112K
  class space    used 527K, committed 640K, reserved 1048576K
}
Event: 0.699 GC heap after
{Heap after GC invocations=2 (full 0):
 garbage-first heap   total 126976K, used 11974K [0x0000000700000000, 0x0000000800000000)
  region size 2048K, 2 young (4096K), 2 survivors (4096K)
 Metaspace       used 4290K, committed 4480K, reserved 1114112K
  class space    used 527K, committed 640K, reserved 1048576K
}
Event: 1.141 GC heap before
{Heap before GC invocations=2 (full 0):
 garbage-first heap   total 126976K, used 57030K [0x0000000700000000, 0x0000000800000000)
  region size 2048K, 25 young (51200K), 2 survivors (4096K)
 Metaspace       used 7283K, committed 7552K, reserved 1114112K
  class space    used 947K, committed 1024K, reserved 1048576K
}
Event: 1.146 GC heap after
{Heap after GC invocations=3 (full 0):
 garbage-first heap   total 126976K, used 18122K [0x0000000700000000, 0x0000000800000000)
  region size 2048K, 4 young (8192K), 4 survivors (8192K)
 Metaspace       used 7283K, committed 7552K, reserved 1114112K
  class space    used 947K, committed 1024K, reserved 1048576K
}
Event: 2.132 GC heap before
{Heap before GC invocations=3 (full 0):
 garbage-first heap   total 126976K, used 83658K [0x0000000700000000, 0x0000000800000000)
  region size 2048K, 37 young (75776K), 4 survivors (8192K)
 Metaspace       used 19341K, committed 19904K, reserved 1114112K
  class space    used 2736K, committed 3008K, reserved 1048576K
}
Event: 2.140 GC heap after
{Heap after GC invocations=4 (full 0):
 garbage-first heap   total 126976K, used 23701K [0x0000000700000000, 0x0000000800000000)
  region size 2048K, 3 young (6144K), 3 survivors (6144K)
 Metaspace       used 19341K, committed 19904K, reserved 1114112K
  class space    used 2736K, committed 3008K, reserved 1048576K
}
Event: 2.276 GC heap before
{Heap before GC invocations=4 (full 0):
 garbage-first heap   total 126976K, used 35989K [0x0000000700000000, 0x0000000800000000)
  region size 2048K, 10 young (20480K), 3 survivors (6144K)
 Metaspace       used 20823K, committed 21504K, reserved 1114112K
  class space    used 2987K, committed 3328K, reserved 1048576K
}
Event: 2.279 GC heap after
{Heap after GC invocations=5 (full 0):
 garbage-first heap   total 126976K, used 24312K [0x0000000700000000, 0x0000000800000000)
  region size 2048K, 3 young (6144K), 3 survivors (6144K)
 Metaspace       used 20823K, committed 21504K, reserved 1114112K
  class space    used 2987K, committed 3328K, reserved 1048576K
}
Event: 2.970 GC heap before
{Heap before GC invocations=6 (full 0):
 garbage-first heap   total 90112K, used 89848K [0x0000000700000000, 0x0000000800000000)
  region size 2048K, 35 young (71680K), 3 survivors (6144K)
 Metaspace       used 29294K, committed 30528K, reserved 1114112K
  class space    used 4348K, committed 4992K, reserved 1048576K
}
Event: 2.976 GC heap after
{Heap after GC invocations=7 (full 0):
 garbage-first heap   total 102400K, used 27680K [0x0000000700000000, 0x0000000800000000)
  region size 2048K, 3 young (6144K), 3 survivors (6144K)
 Metaspace       used 29294K, committed 30528K, reserved 1114112K
  class space    used 4348K, committed 4992K, reserved 1048576K
}
Event: 3.343 GC heap before
{Heap before GC invocations=7 (full 0):
 garbage-first heap   total 102400K, used 66592K [0x0000000700000000, 0x0000000800000000)
  region size 2048K, 24 young (49152K), 3 survivors (6144K)
 Metaspace       used 34702K, committed 35968K, reserved 1114112K
  class space    used 4906K, committed 5568K, reserved 1048576K
}
Event: 3.349 GC heap after
{Heap after GC invocations=8 (full 0):
 garbage-first heap   total 102400K, used 32695K [0x0000000700000000, 0x0000000800000000)
  region size 2048K, 4 young (8192K), 4 survivors (8192K)
 Metaspace       used 34702K, committed 35968K, reserved 1114112K
  class space    used 4906K, committed 5568K, reserved 1048576K
}
Event: 3.381 GC heap before
{Heap before GC invocations=8 (full 0):
 garbage-first heap   total 102400K, used 34743K [0x0000000700000000, 0x0000000800000000)
  region size 2048K, 6 young (12288K), 4 survivors (8192K)
 Metaspace       used 35021K, committed 36288K, reserved 1114112K
  class space    used 4968K, committed 5632K, reserved 1048576K
}
Event: 3.385 GC heap after
{Heap after GC invocations=9 (full 0):
 garbage-first heap   total 122880K, used 33024K [0x0000000700000000, 0x0000000800000000)
  region size 2048K, 3 young (6144K), 3 survivors (6144K)
 Metaspace       used 35021K, committed 36288K, reserved 1114112K
  class space    used 4968K, committed 5632K, reserved 1048576K
}
Event: 4.116 GC heap before
{Heap before GC invocations=10 (full 0):
 garbage-first heap   total 122880K, used 98560K [0x0000000700000000, 0x0000000800000000)
  region size 2048K, 36 young (73728K), 3 survivors (6144K)
 Metaspace       used 41430K, committed 42944K, reserved 1114112K
  class space    used 5886K, committed 6656K, reserved 1048576K
}
Event: 4.121 GC heap after
{Heap after GC invocations=11 (full 0):
 garbage-first heap   total 122880K, used 36034K [0x0000000700000000, 0x0000000800000000)
  region size 2048K, 4 young (8192K), 4 survivors (8192K)
 Metaspace       used 41430K, committed 42944K, reserved 1114112K
  class space    used 5886K, committed 6656K, reserved 1048576K
}
Event: 4.974 GC heap before
{Heap before GC invocations=11 (full 0):
 garbage-first heap   total 122880K, used 101570K [0x0000000700000000, 0x0000000800000000)
  region size 2048K, 36 young (73728K), 4 survivors (8192K)
 Metaspace       used 50145K, committed 51712K, reserved 1114112K
  class space    used 7179K, committed 7936K, reserved 1048576K
}
Event: 4.981 GC heap after
{Heap after GC invocations=12 (full 0):
 garbage-first heap   total 122880K, used 38656K [0x0000000700000000, 0x0000000800000000)
  region size 2048K, 4 young (8192K), 4 survivors (8192K)
 Metaspace       used 50145K, committed 51712K, reserved 1114112K
  class space    used 7179K, committed 7936K, reserved 1048576K
}

Dll operation events (15 events):
Event: 0.012 Loaded shared library C:\Java\jdk-21.0.5\bin\java.dll
Event: 0.036 Loaded shared library C:\Java\jdk-21.0.5\bin\jsvml.dll
Event: 0.066 Loaded shared library C:\Java\jdk-21.0.5\bin\zip.dll
Event: 0.069 Loaded shared library C:\Java\jdk-21.0.5\bin\instrument.dll
Event: 0.076 Loaded shared library C:\Java\jdk-21.0.5\bin\net.dll
Event: 0.081 Loaded shared library C:\Java\jdk-21.0.5\bin\nio.dll
Event: 0.083 Loaded shared library C:\Java\jdk-21.0.5\bin\zip.dll
Event: 0.228 Loaded shared library C:\Java\jdk-21.0.5\bin\jimage.dll
Event: 0.330 Loaded shared library C:\Java\jdk-21.0.5\bin\verify.dll
Event: 0.413 Loaded shared library C:\Users\ASUS\.gradle\native\c067742578af261105cb4f569cf0c3c89f3d7b1fecec35dd04571415982c5e48\windows-amd64\native-platform.dll
Event: 0.422 Loaded shared library C:\Users\ASUS\.gradle\native\100fb08df4bc3b14c8652ba06237920a3bd2aa13389f12d3474272988ae205f9\windows-amd64\native-platform-file-events.dll
Event: 1.071 Loaded shared library C:\Java\jdk-21.0.5\bin\management.dll
Event: 1.077 Loaded shared library C:\Java\jdk-21.0.5\bin\management_ext.dll
Event: 1.330 Loaded shared library C:\Java\jdk-21.0.5\bin\extnet.dll
Event: 1.421 Loaded shared library C:\Java\jdk-21.0.5\bin\sunmscapi.dll

Deoptimization events (20 events):
Event: 5.603 Thread 0x00000287ef853960 Uncommon trap: trap_request=0xffffff54 fr.pc=0x0000028797eb4f30 relative=0x0000000000000eb0
Event: 5.603 Thread 0x00000287ef853960 Uncommon trap: reason=speculate_null_assert action=make_not_entrant pc=0x0000028797eb4f30 method=java.lang.invoke.MethodType$ConcurrentWeakInternSet.add(Ljava/lang/Object;)Ljava/lang/Object; @ 47 c2
Event: 5.603 Thread 0x00000287ef853960 DEOPT PACKING pc=0x0000028797eb4f30 sp=0x000000d7830fe110
Event: 5.603 Thread 0x00000287ef853960 DEOPT UNPACKING pc=0x0000028797827da2 sp=0x000000d7830fe0b8 mode 2
Event: 5.603 Thread 0x00000287ef853960 Uncommon trap: trap_request=0xffffff45 fr.pc=0x0000028797ea514c relative=0x0000000000000b4c
Event: 5.603 Thread 0x00000287ef853960 Uncommon trap: reason=unstable_if action=reinterpret pc=0x0000028797ea514c method=java.util.concurrent.ConcurrentHashMap.addCount(JI)V @ 34 c2
Event: 5.603 Thread 0x00000287ef853960 DEOPT PACKING pc=0x0000028797ea514c sp=0x000000d7830fee80
Event: 5.603 Thread 0x00000287ef853960 DEOPT UNPACKING pc=0x0000028797827da2 sp=0x000000d7830fed40 mode 2
Event: 5.604 Thread 0x00000287ef853960 Uncommon trap: trap_request=0xffffff45 fr.pc=0x0000028797e37eac relative=0x000000000000016c
Event: 5.604 Thread 0x00000287ef853960 Uncommon trap: reason=unstable_if action=reinterpret pc=0x0000028797e37eac method=java.util.concurrent.ConcurrentHashMap.addCount(JI)V @ 34 c2
Event: 5.604 Thread 0x00000287ef853960 DEOPT PACKING pc=0x0000028797e37eac sp=0x000000d7830fe5e0
Event: 5.604 Thread 0x00000287ef853960 DEOPT UNPACKING pc=0x0000028797827da2 sp=0x000000d7830fe540 mode 2
Event: 5.610 Thread 0x00000287ef84fe50 DEOPT PACKING pc=0x00000287908093fe sp=0x000000d782ffdde0
Event: 5.610 Thread 0x00000287ef84fe50 DEOPT UNPACKING pc=0x00000287978288e2 sp=0x000000d782ffd360 mode 0
Event: 5.626 Thread 0x00000287ef853960 DEOPT PACKING pc=0x00000287908093fe sp=0x000000d7830fdbc0
Event: 5.626 Thread 0x00000287ef853960 DEOPT UNPACKING pc=0x00000287978288e2 sp=0x000000d7830fd140 mode 0
Event: 5.638 Thread 0x00000287ef7220d0 DEOPT PACKING pc=0x00000287908093fe sp=0x000000d7831fd9e0
Event: 5.638 Thread 0x00000287ef7220d0 DEOPT UNPACKING pc=0x00000287978288e2 sp=0x000000d7831fcf60 mode 0
Event: 5.649 Thread 0x00000287ef723480 DEOPT PACKING pc=0x00000287908093fe sp=0x000000d7836fdba0
Event: 5.649 Thread 0x00000287ef723480 DEOPT UNPACKING pc=0x00000287978288e2 sp=0x000000d7836fd120 mode 0

Classes loaded (20 events):
Event: 5.153 Loading class java/io/ObjectInputFilter$Config$BuiltinFilterFactory
Event: 5.153 Loading class java/io/ObjectInputFilter$Config$BuiltinFilterFactory done
Event: 5.153 Loading class jdk/internal/access/JavaObjectInputFilterAccess
Event: 5.153 Loading class jdk/internal/access/JavaObjectInputFilterAccess done
Event: 5.153 Loading class java/lang/System$Logger$Level
Event: 5.153 Loading class java/lang/System$Logger$Level done
Event: 5.154 Loading class jdk/internal/event/DeserializationEvent
Event: 5.154 Loading class jdk/internal/event/DeserializationEvent done
Event: 5.154 Loading class java/io/ObjectInputStream$FieldValues
Event: 5.154 Loading class java/io/ObjectInputStream$GetField
Event: 5.155 Loading class java/io/ObjectInputStream$GetField done
Event: 5.155 Loading class java/io/ObjectInputStream$FieldValues done
Event: 5.160 Loading class sun/reflect/ReflectionFactory
Event: 5.160 Loading class sun/reflect/ReflectionFactory done
Event: 5.160 Loading class sun/reflect/ReflectionFactory$1
Event: 5.160 Loading class sun/reflect/ReflectionFactory$1 done
Event: 5.524 Loading class java/util/Collections$ReverseComparator
Event: 5.524 Loading class java/util/Collections$ReverseComparator done
Event: 5.524 Loading class java/util/Collections$ReverseComparator2
Event: 5.525 Loading class java/util/Collections$ReverseComparator2 done

Classes unloaded (0 events):
No events

Classes redefined (0 events):
No events

Internal exceptions (20 events):
Event: 4.819 Thread 0x00000287ee8ea9b0 Exception <a 'java/lang/NoSuchMethodError'{0x0000000703d42638}: 'long java.lang.invoke.DirectMethodHandle$Holder.invokeSpecial(java.lang.Object, java.lang.Object)'> (0x0000000703d42638) 
thrown [s\open\src\hotspot\share\interpreter\linkResolver.cpp, line 773]
Event: 4.819 Thread 0x00000287ee8ea9b0 Exception <a 'java/lang/NoSuchMethodError'{0x0000000703d45a58}: 'long java.lang.invoke.Invokers$Holder.invokeExact_MT(java.lang.Object, java.lang.Object)'> (0x0000000703d45a58) 
thrown [s\open\src\hotspot\share\interpreter\linkResolver.cpp, line 773]
Event: 4.820 Thread 0x00000287ee8ea9b0 Exception <a 'java/lang/NoSuchMethodError'{0x0000000703d5c2a8}: static Lorg/gradle/internal/operations/OperationIdentifier;.<clinit>()V> (0x0000000703d5c2a8) 
thrown [s\open\src\hotspot\share\prims\jni.cpp, line 1111]
Event: 4.891 Thread 0x00000287ee68c670 Exception <a 'java/lang/NoSuchMethodError'{0x000000070366c370}: 'long java.lang.invoke.DirectMethodHandle$Holder.invokeStatic(java.lang.Object, long)'> (0x000000070366c370) 
thrown [s\open\src\hotspot\share\interpreter\linkResolver.cpp, line 773]
Event: 4.934 Thread 0x00000287ee68c670 Implicit null exception at 0x0000028797ffcdce to 0x0000028797ffd110
Event: 5.030 Thread 0x00000287ee68c670 Exception <a 'java/lang/NoSuchMethodError'{0x0000000706f67758}: 'java.lang.Object java.lang.invoke.DirectMethodHandle$Holder.invokeVirtual(java.lang.Object, java.lang.Object, java.lang.Object, java.lang.Object, java.lang.Object, java.lang.Object, java.lang.Object, java.lang.Object, java.lang.Object, java.lang.Object, java.lang.Object, java.lang.Object, java.lang.Object, java.lang.Object, java.lang.Object, java.lang.Object, java.lang.Object)'> (0x0000000706f67758) 
thrown [s\open\src\hotspot\share\interpret
Event: 5.030 Thread 0x00000287ee68c670 Exception <a 'java/lang/NoSuchMethodError'{0x0000000706f6d720}: 'java.lang.Object java.lang.invoke.DirectMethodHandle$Holder.invokeSpecial(java.lang.Object, java.lang.Object, java.lang.Object, java.lang.Object, java.lang.Object, java.lang.Object, java.lang.Object, java.lang.Object, java.lang.Object, java.lang.Object, java.lang.Object, java.lang.Object, java.lang.Object, java.lang.Object, java.lang.Object, java.lang.Object, java.lang.Object, java.lang.Object)'> (0x0000000706f6d720) 
thrown [s\open\src\hotsp
Event: 5.030 Thread 0x00000287ee68c670 Exception <a 'java/lang/NoSuchMethodError'{0x0000000706f72c78}: 'java.lang.Object java.lang.invoke.DelegatingMethodHandle$Holder.reinvoke_L(java.lang.Object, java.lang.Object, java.lang.Object, java.lang.Object, java.lang.Object, java.lang.Object, java.lang.Object, java.lang.Object, java.lang.Object, java.lang.Object, java.lang.Object, java.lang.Object, java.lang.Object, java.lang.Object, java.lang.Object, java.lang.Object, java.lang.Object)'> (0x0000000706f72c78) 
thrown [s\open\src\hotspot\share\interpre
Event: 5.038 Thread 0x00000287ee68c670 Exception <a 'java/lang/NoSuchMethodError'{0x0000000706c287c8}: 'void java.lang.invoke.DirectMethodHandle$Holder.invokeStatic(java.lang.Object, java.lang.Object, java.lang.Object, java.lang.Object, java.lang.Object, java.lang.Object)'> (0x0000000706c287c8) 
thrown [s\open\src\hotspot\share\interpreter\linkResolver.cpp, line 773]
Event: 5.125 Thread 0x00000287ee68c670 Exception <a 'java/lang/NoSuchMethodError'{0x0000000706bb2198}: static Lorg/gradle/api/internal/catalog/DefaultVersionCatalog;.<clinit>()V> (0x0000000706bb2198) 
thrown [s\open\src\hotspot\share\prims\jni.cpp, line 1111]
Event: 5.129 Thread 0x00000287ee68c670 Exception <a 'java/lang/NoSuchMethodError'{0x0000000706803408}: static [Ljava/lang/Object;.<clinit>()V> (0x0000000706803408) 
thrown [s\open\src\hotspot\share\prims\jni.cpp, line 1111]
Event: 5.130 Thread 0x00000287ee68c670 Exception <a 'java/lang/NoSuchMethodError'{0x000000070682a800}: static Lorg/gradle/api/internal/catalog/DependencyModel;.<clinit>()V> (0x000000070682a800) 
thrown [s\open\src\hotspot\share\prims\jni.cpp, line 1111]
Event: 5.130 Thread 0x00000287ee68c670 Exception <a 'java/lang/NoSuchMethodError'{0x000000070682e4e8}: static Lorg/gradle/api/internal/catalog/AbstractContextAwareModel;.<clinit>()V> (0x000000070682e4e8) 
thrown [s\open\src\hotspot\share\prims\jni.cpp, line 1111]
Event: 5.131 Thread 0x00000287ee68c670 Exception <a 'java/lang/NoSuchMethodError'{0x0000000706847c90}: static Lorg/gradle/api/internal/artifacts/dependencies/AbstractVersionConstraint;.<clinit>()V> (0x0000000706847c90) 
thrown [s\open\src\hotspot\share\prims\jni.cpp, line 1111]
Event: 5.137 Thread 0x00000287ee68c670 Exception <a 'java/lang/NoSuchMethodError'{0x00000007068f8d68}: static Lorg/gradle/api/internal/catalog/PluginModel;.<clinit>()V> (0x00000007068f8d68) 
thrown [s\open\src\hotspot\share\prims\jni.cpp, line 1111]
Event: 5.138 Thread 0x00000287ee68c670 Exception <a 'java/lang/NoSuchMethodError'{0x00000007069106f0}: static Lorg/gradle/api/internal/catalog/VersionModel;.<clinit>()V> (0x00000007069106f0) 
thrown [s\open\src\hotspot\share\prims\jni.cpp, line 1111]
Event: 5.147 Thread 0x00000287ee68c670 Exception <a 'java/lang/NoSuchMethodError'{0x0000000706931b18}: 'void java.lang.invoke.DirectMethodHandle$Holder.invokeSpecial(java.lang.Object, java.lang.Object, java.lang.Object, int)'> (0x0000000706931b18) 
thrown [s\open\src\hotspot\share\interpreter\linkResolver.cpp, line 773]
Event: 5.244 Thread 0x00000287ee68c670 Exception <a 'java/lang/NoSuchMethodError'{0x000000070650d200}: 'int java.lang.invoke.DirectMethodHandle$Holder.invokeSpecialIFC(java.lang.Object, java.lang.Object, java.lang.Object)'> (0x000000070650d200) 
thrown [s\open\src\hotspot\share\interpreter\linkResolver.cpp, line 773]
Event: 5.301 Thread 0x00000287ee68c670 Exception <a 'java/lang/NoSuchMethodError'{0x000000070608d630}: 'java.lang.Object java.lang.invoke.DirectMethodHandle$Holder.invokeSpecial(java.lang.Object, java.lang.Object, java.lang.Object, java.lang.Object, java.lang.Object, long)'> (0x000000070608d630) 
thrown [s\open\src\hotspot\share\interpreter\linkResolver.cpp, line 773]
Event: 5.302 Thread 0x00000287ee68c670 Exception <a 'java/lang/NoSuchMethodError'{0x00000007060aca20}: 'void java.lang.invoke.DirectMethodHandle$Holder.invokeStatic(java.lang.Object, java.lang.Object, java.lang.Object, int, java.lang.Object)'> (0x00000007060aca20) 
thrown [s\open\src\hotspot\share\interpreter\linkResolver.cpp, line 773]

ZGC Phase Switch (0 events):
No events

VM Operations (20 events):
Event: 3.904 Executing VM operation: ICBufferFull
Event: 3.904 Executing VM operation: ICBufferFull done
Event: 4.000 Executing VM operation: HandshakeAllThreads (Deoptimize)
Event: 4.000 Executing VM operation: HandshakeAllThreads (Deoptimize) done
Event: 4.116 Executing VM operation: G1CollectForAllocation (G1 Evacuation Pause)
Event: 4.121 Executing VM operation: G1CollectForAllocation (G1 Evacuation Pause) done
Event: 4.688 Executing VM operation: HandshakeAllThreads (Deoptimize)
Event: 4.688 Executing VM operation: HandshakeAllThreads (Deoptimize) done
Event: 4.757 Executing VM operation: HandshakeAllThreads (Deoptimize)
Event: 4.757 Executing VM operation: HandshakeAllThreads (Deoptimize) done
Event: 4.774 Executing VM operation: ICBufferFull
Event: 4.774 Executing VM operation: ICBufferFull done
Event: 4.974 Executing VM operation: G1CollectForAllocation (G1 Evacuation Pause)
Event: 4.981 Executing VM operation: G1CollectForAllocation (G1 Evacuation Pause) done
Event: 5.384 Executing VM operation: ICBufferFull
Event: 5.384 Executing VM operation: ICBufferFull done
Event: 5.570 Executing VM operation: HandshakeAllThreads (Deoptimize)
Event: 5.571 Executing VM operation: HandshakeAllThreads (Deoptimize) done
Event: 5.600 Executing VM operation: ICBufferFull
Event: 5.600 Executing VM operation: ICBufferFull done

Events (20 events):
Event: 3.399 Thread 0x00000287a74025a0 flushing nmethod 0x0000028790565990
Event: 3.399 Thread 0x00000287a74025a0 flushing nmethod 0x0000028790566d90
Event: 3.399 Thread 0x00000287a74025a0 flushing nmethod 0x00000287905d9f90
Event: 3.399 Thread 0x00000287a74025a0 flushing nmethod 0x000002879060c790
Event: 3.399 Thread 0x00000287a74025a0 flushing nmethod 0x000002879060db10
Event: 3.399 Thread 0x00000287a74025a0 flushing nmethod 0x000002879060eb90
Event: 3.399 Thread 0x00000287a74025a0 flushing nmethod 0x0000028790610590
Event: 3.399 Thread 0x00000287a74025a0 flushing nmethod 0x000002879069c090
Event: 3.399 Thread 0x00000287a74025a0 flushing nmethod 0x00000287906eb290
Event: 5.602 Thread 0x00000287ef852c40 Thread added: 0x00000287ef852c40
Event: 5.602 Thread 0x00000287ef84fe50 Thread added: 0x00000287ef84fe50
Event: 5.602 Thread 0x00000287ef853960 Thread added: 0x00000287ef853960
Event: 5.602 Thread 0x00000287ef7220d0 Thread added: 0x00000287ef7220d0
Event: 5.602 Thread 0x00000287ef723b10 Thread added: 0x00000287ef723b10
Event: 5.602 Thread 0x00000287ef7241a0 Thread added: 0x00000287ef7241a0
Event: 5.602 Thread 0x00000287ef721a40 Thread added: 0x00000287ef721a40
Event: 5.603 Thread 0x00000287ef722760 Thread added: 0x00000287ef722760
Event: 5.603 Thread 0x00000287ef723480 Thread added: 0x00000287ef723480
Event: 5.603 Thread 0x00000287ef722df0 Thread added: 0x00000287ef722df0
Event: 5.603 Thread 0x00000287ef7213b0 Thread added: 0x00000287ef7213b0


Dynamic libraries:
0x00007ff608540000 - 0x00007ff608550000 	C:\Java\jdk-21.0.5\bin\java.exe
0x00007ff9a6100000 - 0x00007ff9a6363000 	C:\WINDOWS\SYSTEM32\ntdll.dll
0x00007ff9a5710000 - 0x00007ff9a57d8000 	C:\WINDOWS\System32\KERNEL32.DLL
0x00007ff9a3780000 - 0x00007ff9a3b32000 	C:\WINDOWS\System32\KERNELBASE.dll
0x00007ff9a3b70000 - 0x00007ff9a3cbb000 	C:\WINDOWS\System32\ucrtbase.dll
0x00007ff987ac0000 - 0x00007ff987ad9000 	C:\Java\jdk-21.0.5\bin\jli.dll
0x00007ff983a00000 - 0x00007ff983a1b000 	C:\Java\jdk-21.0.5\bin\VCRUNTIME140.dll
0x00007ff9a5980000 - 0x00007ff9a5a34000 	C:\WINDOWS\System32\ADVAPI32.dll
0x00007ff9a4f40000 - 0x00007ff9a4fe9000 	C:\WINDOWS\System32\msvcrt.dll
0x00007ff9a5660000 - 0x00007ff9a5706000 	C:\WINDOWS\System32\sechost.dll
0x00007ff9a5e30000 - 0x00007ff9a5f46000 	C:\WINDOWS\System32\RPCRT4.dll
0x00007ff9a4cd0000 - 0x00007ff9a4e98000 	C:\WINDOWS\System32\USER32.dll
0x00007ff9a3b40000 - 0x00007ff9a3b67000 	C:\WINDOWS\System32\win32u.dll
0x00007ff9855f0000 - 0x00007ff985880000 	C:\WINDOWS\WinSxS\amd64_microsoft.windows.common-controls_6595b64144ccf1df_6.0.26100.2454_none_3e0b68a2e331ad60\COMCTL32.dll
0x00007ff9a4ea0000 - 0x00007ff9a4eca000 	C:\WINDOWS\System32\GDI32.dll
0x00007ff9a34d0000 - 0x00007ff9a35fb000 	C:\WINDOWS\System32\gdi32full.dll
0x00007ff9a3eb0000 - 0x00007ff9a3f53000 	C:\WINDOWS\System32\msvcp_win.dll
0x00007ff998670000 - 0x00007ff99867b000 	C:\WINDOWS\SYSTEM32\VERSION.dll
0x00007ff9a5ba0000 - 0x00007ff9a5bcf000 	C:\WINDOWS\System32\IMM32.DLL
0x00007ff98d870000 - 0x00007ff98d87c000 	C:\Java\jdk-21.0.5\bin\vcruntime140_1.dll
0x00007ff967a10000 - 0x00007ff967a9e000 	C:\Java\jdk-21.0.5\bin\msvcp140.dll
0x00007ff93a9d0000 - 0x00007ff93b6e8000 	C:\Java\jdk-21.0.5\bin\server\jvm.dll
0x00007ff9a5db0000 - 0x00007ff9a5e24000 	C:\WINDOWS\System32\WS2_32.dll
0x00007ff9a21a0000 - 0x00007ff9a21ee000 	C:\WINDOWS\SYSTEM32\POWRPROF.dll
0x00007ff995650000 - 0x00007ff995686000 	C:\WINDOWS\SYSTEM32\WINMM.dll
0x00007ff9a2180000 - 0x00007ff9a2194000 	C:\WINDOWS\SYSTEM32\UMPDC.dll
0x00007ff9a2420000 - 0x00007ff9a243a000 	C:\WINDOWS\SYSTEM32\kernel.appcore.dll
0x00007ff98bb80000 - 0x00007ff98bb8a000 	C:\Java\jdk-21.0.5\bin\jimage.dll
0x00007ff9a07f0000 - 0x00007ff9a0a31000 	C:\WINDOWS\SYSTEM32\DBGHELP.DLL
0x00007ff9a4ff0000 - 0x00007ff9a536e000 	C:\WINDOWS\System32\combase.dll
0x00007ff9a57e0000 - 0x00007ff9a58b6000 	C:\WINDOWS\System32\OLEAUT32.dll
0x00007ff98f940000 - 0x00007ff98f979000 	C:\WINDOWS\SYSTEM32\dbgcore.DLL
0x00007ff9a3cc0000 - 0x00007ff9a3d59000 	C:\WINDOWS\System32\bcryptPrimitives.dll
0x00007ff98ada0000 - 0x00007ff98adaf000 	C:\Java\jdk-21.0.5\bin\instrument.dll
0x00007ff9839e0000 - 0x00007ff9839ff000 	C:\Java\jdk-21.0.5\bin\java.dll
0x00007ff9a45c0000 - 0x00007ff9a4cc1000 	C:\WINDOWS\System32\SHELL32.dll
0x00007ff9a1220000 - 0x00007ff9a1a51000 	C:\WINDOWS\SYSTEM32\windows.storage.dll
0x00007ff9a5f50000 - 0x00007ff9a602a000 	C:\WINDOWS\System32\SHCORE.dll
0x00007ff9a4ee0000 - 0x00007ff9a4f3d000 	C:\WINDOWS\System32\shlwapi.dll
0x00007ff9a33e0000 - 0x00007ff9a340e000 	C:\WINDOWS\SYSTEM32\profapi.dll
0x00007ff95e5a0000 - 0x00007ff95e677000 	C:\Java\jdk-21.0.5\bin\jsvml.dll
0x00007ff982670000 - 0x00007ff982688000 	C:\Java\jdk-21.0.5\bin\zip.dll
0x00007ff9867c0000 - 0x00007ff9867d0000 	C:\Java\jdk-21.0.5\bin\net.dll
0x00007ff99bdf0000 - 0x00007ff99bf16000 	C:\WINDOWS\SYSTEM32\WINHTTP.dll
0x00007ff9a2920000 - 0x00007ff9a2988000 	C:\WINDOWS\system32\mswsock.dll
0x00007ff982650000 - 0x00007ff982666000 	C:\Java\jdk-21.0.5\bin\nio.dll
0x00007ff986500000 - 0x00007ff986510000 	C:\Java\jdk-21.0.5\bin\verify.dll
0x00007ff98adb0000 - 0x00007ff98add7000 	C:\Users\ASUS\.gradle\native\c067742578af261105cb4f569cf0c3c89f3d7b1fecec35dd04571415982c5e48\windows-amd64\native-platform.dll
0x00007ff9521b0000 - 0x00007ff9522f4000 	C:\Users\ASUS\.gradle\native\100fb08df4bc3b14c8652ba06237920a3bd2aa13389f12d3474272988ae205f9\windows-amd64\native-platform-file-events.dll
0x00007ff9861d0000 - 0x00007ff9861da000 	C:\Java\jdk-21.0.5\bin\management.dll
0x00007ff986190000 - 0x00007ff98619b000 	C:\Java\jdk-21.0.5\bin\management_ext.dll
0x00007ff9a6030000 - 0x00007ff9a6038000 	C:\WINDOWS\System32\PSAPI.DLL
0x00007ff9a2bc0000 - 0x00007ff9a2bdc000 	C:\WINDOWS\SYSTEM32\CRYPTSP.dll
0x00007ff9a2380000 - 0x00007ff9a23b8000 	C:\WINDOWS\system32\rsaenh.dll
0x00007ff9a29c0000 - 0x00007ff9a29eb000 	C:\WINDOWS\SYSTEM32\USERENV.dll
0x00007ff9a2e00000 - 0x00007ff9a2e26000 	C:\WINDOWS\SYSTEM32\bcrypt.dll
0x00007ff9a2be0000 - 0x00007ff9a2bec000 	C:\WINDOWS\SYSTEM32\CRYPTBASE.dll
0x00007ff9a1e90000 - 0x00007ff9a1ec2000 	C:\WINDOWS\SYSTEM32\IPHLPAPI.DLL
0x00007ff9a4ed0000 - 0x00007ff9a4eda000 	C:\WINDOWS\System32\NSI.dll
0x00007ff985e50000 - 0x00007ff985e59000 	C:\Java\jdk-21.0.5\bin\extnet.dll
0x00007ff985db0000 - 0x00007ff985dbe000 	C:\Java\jdk-21.0.5\bin\sunmscapi.dll
0x00007ff9a3600000 - 0x00007ff9a3776000 	C:\WINDOWS\System32\CRYPT32.dll
0x00007ff9a2dc0000 - 0x00007ff9a2df0000 	C:\WINDOWS\SYSTEM32\ncrypt.dll
0x00007ff9a2d70000 - 0x00007ff9a2daf000 	C:\WINDOWS\SYSTEM32\NTASN1.dll
0x00007ff98a310000 - 0x00007ff98a318000 	C:\WINDOWS\system32\wshunix.dll

dbghelp: loaded successfully - version: 4.0.5 - missing functions: none
symbol engine: initialized successfully - sym options: 0x614 - pdb path: .;C:\Java\jdk-21.0.5\bin;C:\WINDOWS\SYSTEM32;C:\WINDOWS\WinSxS\amd64_microsoft.windows.common-controls_6595b64144ccf1df_6.0.26100.2454_none_3e0b68a2e331ad60;C:\Java\jdk-21.0.5\bin\server;C:\Users\ASUS\.gradle\native\c067742578af261105cb4f569cf0c3c89f3d7b1fecec35dd04571415982c5e48\windows-amd64;C:\Users\ASUS\.gradle\native\100fb08df4bc3b14c8652ba06237920a3bd2aa13389f12d3474272988ae205f9\windows-amd64

VM Arguments:
jvm_args: --add-opens=java.base/java.util=ALL-UNNAMED --add-opens=java.base/java.lang=ALL-UNNAMED --add-opens=java.base/java.lang.invoke=ALL-UNNAMED --add-opens=java.prefs/java.util.prefs=ALL-UNNAMED --add-exports=jdk.compiler/com.sun.tools.javac.api=ALL-UNNAMED --add-exports=jdk.compiler/com.sun.tools.javac.util=ALL-UNNAMED --add-opens=java.base/java.nio.charset=ALL-UNNAMED --add-opens=java.base/java.net=ALL-UNNAMED --add-opens=java.base/java.util.concurrent.atomic=ALL-UNNAMED -Xmx4096m -Dfile.encoding=UTF-8 -Duser.country=US -Duser.language=en -Duser.variant -javaagent:C:\Users\ASUS\.gradle\wrapper\dists\gradle-8.9-bin\90cnw93cvbtalezasaz0blq0a\gradle-8.9\lib\agents\gradle-instrumentation-agent-8.9.jar 
java_command: org.gradle.launcher.daemon.bootstrap.GradleDaemon 8.9
java_class_path (initial): C:\Users\ASUS\.gradle\wrapper\dists\gradle-8.9-bin\90cnw93cvbtalezasaz0blq0a\gradle-8.9\lib\gradle-daemon-main-8.9.jar
Launcher Type: SUN_STANDARD

[Global flags]
     intx CICompilerCount                          = 4                                         {product} {ergonomic}
     uint ConcGCThreads                            = 3                                         {product} {ergonomic}
     uint G1ConcRefinementThreads                  = 10                                        {product} {ergonomic}
   size_t G1HeapRegionSize                         = 2097152                                   {product} {ergonomic}
    uintx GCDrainStackTargetSize                   = 64                                        {product} {ergonomic}
   size_t InitialHeapSize                          = 130023424                                 {product} {ergonomic}
   size_t MarkStackSize                            = 4194304                                   {product} {ergonomic}
   size_t MaxHeapSize                              = 4294967296                                {product} {command line}
   size_t MaxNewSize                               = 2575302656                                {product} {ergonomic}
   size_t MinHeapDeltaBytes                        = 2097152                                   {product} {ergonomic}
   size_t MinHeapSize                              = 8388608                                   {product} {ergonomic}
    uintx NonNMethodCodeHeapSize                   = 5839372                                {pd product} {ergonomic}
    uintx NonProfiledCodeHeapSize                  = 122909434                              {pd product} {ergonomic}
    uintx ProfiledCodeHeapSize                     = 122909434                              {pd product} {ergonomic}
    uintx ReservedCodeCacheSize                    = 251658240                              {pd product} {ergonomic}
     bool SegmentedCodeCache                       = true                                      {product} {ergonomic}
   size_t SoftMaxHeapSize                          = 4294967296                             {manageable} {ergonomic}
     bool UseCompressedOops                        = true                           {product lp64_product} {ergonomic}
     bool UseG1GC                                  = true                                      {product} {ergonomic}
     bool UseLargePagesIndividualAllocation        = false                                  {pd product} {ergonomic}

Logging:
Log output configuration:
 #0: stdout all=warning uptime,level,tags foldmultilines=false
 #1: stderr all=off uptime,level,tags foldmultilines=false

Environment Variables:
JAVA_HOME=C:\Java\jdk-21.0.5
PATH=C:\app\ASUS\product\21c\dbhomeXE\bin;C:\Windows\system32;C:\Windows;C:\Windows\System32\Wbem;C:\Windows\System32\WindowsPowerShell\v1.0\;C:\Windows\System32\OpenSSH\;C:\Program Files (x86)\NVIDIA Corporation\PhysX\Common;C:\Program Files\NVIDIA Corporation\NVIDIA NvDLISR;C:\Program Files\nodejs\;C:\Java\jdk-23.0.1\bin;C:\WINDOWS\system32;C:\WINDOWS;C:\WINDOWS\System32\Wbem;C:\WINDOWS\System32\WindowsPowerShell\v1.0\;C:\WINDOWS\System32\OpenSSH\;C:\Program Files\Git\cmd;C:\Users\ASUS\AppData\Local\Microsoft\WindowsApps;C:\Users\ASUS\AppData\Local\Programs\Microsoft VS Code\bin;C:\Users\ASUS\AppData\Roaming\npm;C:\Users\ASUS\AppData\Local\GitHubDesktop\bin
USERNAME=ASUS
OS=Windows_NT
PROCESSOR_IDENTIFIER=Intel64 Family 6 Model 141 Stepping 1, GenuineIntel
TMP=C:\Users\ASUS\AppData\Local\Temp
TEMP=C:\Users\ASUS\AppData\Local\Temp




Periodic native trim disabled

---------------  S Y S T E M  ---------------

OS:
 Windows 11 , 64 bit Build 26100 (10.0.26100.2454)
OS uptime: 0 days 11:36 hours

CPU: total 12 (initial active 12) (6 cores per cpu, 2 threads per core) family 6 model 141 stepping 1 microcode 0x50, cx8, cmov, fxsr, ht, mmx, 3dnowpref, sse, sse2, sse3, ssse3, sse4.1, sse4.2, popcnt, lzcnt, tsc, tscinvbit, avx, avx2, aes, erms, clmul, bmi1, bmi2, adx, avx512f, avx512dq, avx512cd, avx512bw, avx512vl, sha, fma, vzeroupper, avx512_vpopcntdq, avx512_vpclmulqdq, avx512_vaes, avx512_vnni, clflush, clflushopt, clwb, avx512_vbmi2, avx512_vbmi, rdtscp, rdpid, fsrm, gfni, avx512_bitalg, f16c, pku, cet_ibt, cet_ss, avx512_ifma
Processor Information for all 12 processors :
  Max Mhz: 2688, Current Mhz: 2688, Mhz Limit: 2688

Memory: 4k page, system-wide physical 7930M (515M free)
TotalPageFile size 20218M (AvailPageFile size 2M)
current process WorkingSet (physical memory assigned to process): 298M, peak: 319M
current process commit charge ("private bytes"): 342M, peak: 364M

vm_info: Java HotSpot(TM) 64-Bit Server VM (21.0.5+9-LTS-239) for windows-amd64 JRE (21.0.5+9-LTS-239), built on 2024-09-30T05:17:38Z by "mach5one" with MS VC++ 17.6 (VS2022)

END.
