#
# There is insufficient memory for the Java Runtime Environment to continue.
# Native memory allocation (malloc) failed to allocate 845056 bytes for Chunk::new
# Possible reasons:
#   The system is out of physical RAM or swap space
#   The process is running with CompressedOops enabled, and the Java Heap may be blocking the growth of the native heap
# Possible solutions:
#   Reduce memory load on the system
#   Increase physical memory or swap space
#   Check if swap backing store is full
#   Decrease Java heap size (-Xmx/-Xms)
#   Decrease number of Java threads
#   Decrease Java thread stack sizes (-Xss)
#   Set larger code cache with -XX:ReservedCodeCacheSize=
#   JVM is running with Unscaled Compressed Oops mode in which the Java heap is
#     placed in the first 4GB address space. The Java Heap base address is the
#     maximum limit for the native heap growth. Please use -XX:HeapBaseMinAddress
#     to set the Java Heap base and to place the Java Heap above 4GB virtual address.
# This output file may be truncated or incomplete.
#
#  Out of Memory Error (arena.cpp:168), pid=17752, tid=19116
#
# JRE version: Java(TM) SE Runtime Environment (21.0.5+9) (build 21.0.5+9-LTS-239)
# Java VM: Java HotSpot(TM) 64-Bit Server VM (21.0.5+9-LTS-239, mixed mode, sharing, tiered, compressed oops, compressed class ptrs, g1 gc, windows-amd64)
# No core dump will be written. Minidumps are not enabled by default on client versions of Windows
#

---------------  S U M M A R Y ------------

Command Line: --add-opens=java.base/java.util=ALL-UNNAMED --add-opens=java.base/java.lang=ALL-UNNAMED --add-opens=java.base/java.lang.invoke=ALL-UNNAMED --add-opens=java.prefs/java.util.prefs=ALL-UNNAMED --add-exports=jdk.compiler/com.sun.tools.javac.api=ALL-UNNAMED --add-exports=jdk.compiler/com.sun.tools.javac.util=ALL-UNNAMED --add-opens=java.base/java.nio.charset=ALL-UNNAMED --add-opens=java.base/java.net=ALL-UNNAMED --add-opens=java.base/java.util.concurrent.atomic=ALL-UNNAMED -Xmx2048m -Dfile.encoding=UTF-8 -Duser.country=US -Duser.language=en -Duser.variant -javaagent:C:\Users\ASUS\.gradle\wrapper\dists\gradle-8.9-bin\90cnw93cvbtalezasaz0blq0a\gradle-8.9\lib\agents\gradle-instrumentation-agent-8.9.jar org.gradle.launcher.daemon.bootstrap.GradleDaemon 8.9

Host: 11th Gen Intel(R) Core(TM) i5-11400H @ 2.70GHz, 12 cores, 7G,  Windows 11 , 64 bit Build 26100 (10.0.26100.2454)
Time: Sat Jan  4 23:25:44 2025 Sri Lanka Standard Time elapsed time: 34.286712 seconds (0d 0h 0m 34s)

---------------  T H R E A D  ---------------

Current thread (0x000001eb7ccf12f0):  JavaThread "C2 CompilerThread0" daemon [_thread_in_native, id=19116, stack(0x000000b5e9000000,0x000000b5e9100000) (1024K)]


Current CompileTask:
C2:  34286 2768   !   4       java.net.URLClassLoader::findClass (47 bytes)

Stack: [0x000000b5e9000000,0x000000b5e9100000]
Native frames: (J=compiled Java code, j=interpreted, Vv=VM code, C=native code)
V  [jvm.dll+0x6ca289]
V  [jvm.dll+0x854a51]
V  [jvm.dll+0x856f7e]
V  [jvm.dll+0x857653]
V  [jvm.dll+0x27dd26]
V  [jvm.dll+0xc4c2d]
V  [jvm.dll+0xc5163]
V  [jvm.dll+0x2f0ccd]
V  [jvm.dll+0x5f4ffa]
V  [jvm.dll+0x24f882]
V  [jvm.dll+0x24857f]
V  [jvm.dll+0x245de4]
V  [jvm.dll+0x1c6d0e]
V  [jvm.dll+0x2554d9]
V  [jvm.dll+0x253a6a]
V  [jvm.dll+0x3ee136]
V  [jvm.dll+0x7fee9b]
V  [jvm.dll+0x6c896d]
C  [ucrtbase.dll+0x14ea0]
C  [KERNEL32.DLL+0x2e8d7]
C  [ntdll.dll+0xdfbcc]


---------------  P R O C E S S  ---------------

Threads class SMR info:
_java_thread_list=0x000001eb7e9b5500, length=24, elements={
0x000001eb6cc036d0, 0x000001eb7ccd8730, 0x000001eb7ccd9df0, 0x000001eb7cce1550,
0x000001eb7cce4090, 0x000001eb7cce7bf0, 0x000001eb7cceb5a0, 0x000001eb7ccf12f0,
0x000001eb7ccf5450, 0x000001eb7ceec160, 0x000001eb7ceec7f0, 0x000001eb7ceedba0,
0x000001eb7ceece80, 0x000001eb7ceee8c0, 0x000001eb7ceeb440, 0x000001eb7ceebad0,
0x000001eb7ceed510, 0x000001eb7ceee230, 0x000001eb7e9eeb10, 0x000001eb7e9eddf0,
0x000001eb7e9efec0, 0x000001eb7e9ef1a0, 0x000001eb7e9ef830, 0x000001eb7e9f0be0
}

Java Threads: ( => current thread )
  0x000001eb6cc036d0 JavaThread "main"                              [_thread_blocked, id=19400, stack(0x000000b5e8200000,0x000000b5e8300000) (1024K)]
  0x000001eb7ccd8730 JavaThread "Reference Handler"          daemon [_thread_blocked, id=10332, stack(0x000000b5e8a00000,0x000000b5e8b00000) (1024K)]
  0x000001eb7ccd9df0 JavaThread "Finalizer"                  daemon [_thread_blocked, id=20764, stack(0x000000b5e8b00000,0x000000b5e8c00000) (1024K)]
  0x000001eb7cce1550 JavaThread "Signal Dispatcher"          daemon [_thread_blocked, id=17776, stack(0x000000b5e8c00000,0x000000b5e8d00000) (1024K)]
  0x000001eb7cce4090 JavaThread "Attach Listener"            daemon [_thread_blocked, id=3868, stack(0x000000b5e8d00000,0x000000b5e8e00000) (1024K)]
  0x000001eb7cce7bf0 JavaThread "Service Thread"             daemon [_thread_blocked, id=20980, stack(0x000000b5e8e00000,0x000000b5e8f00000) (1024K)]
  0x000001eb7cceb5a0 JavaThread "Monitor Deflation Thread"   daemon [_thread_blocked, id=13704, stack(0x000000b5e8f00000,0x000000b5e9000000) (1024K)]
=>0x000001eb7ccf12f0 JavaThread "C2 CompilerThread0"         daemon [_thread_in_native, id=19116, stack(0x000000b5e9000000,0x000000b5e9100000) (1024K)]
  0x000001eb7ccf5450 JavaThread "C1 CompilerThread0"         daemon [_thread_blocked, id=14752, stack(0x000000b5e9100000,0x000000b5e9200000) (1024K)]
  0x000001eb7ceec160 JavaThread "Common-Cleaner"             daemon [_thread_blocked, id=18724, stack(0x000000b5e9200000,0x000000b5e9300000) (1024K)]
  0x000001eb7ceec7f0 JavaThread "Notification Thread"        daemon [_thread_blocked, id=15128, stack(0x000000b5e9300000,0x000000b5e9400000) (1024K)]
  0x000001eb7ceedba0 JavaThread "Daemon health stats"               [_thread_blocked, id=4724, stack(0x000000b5e9800000,0x000000b5e9900000) (1024K)]
  0x000001eb7ceece80 JavaThread "Incoming local TCP Connector on port 50932"        [_thread_in_native, id=19464, stack(0x000000b5e9900000,0x000000b5e9a00000) (1024K)]
  0x000001eb7ceee8c0 JavaThread "Daemon periodic checks"            [_thread_in_native, id=16264, stack(0x000000b5e9a00000,0x000000b5e9b00000) (1024K)]
  0x000001eb7ceeb440 JavaThread "Daemon"                            [_thread_blocked, id=10464, stack(0x000000b5e9b00000,0x000000b5e9c00000) (1024K)]
  0x000001eb7ceebad0 JavaThread "Handler for socket connection from /127.0.0.1:50932 to /127.0.0.1:50933"        [_thread_in_native, id=15428, stack(0x000000b5e9c00000,0x000000b5e9d00000) (1024K)]
  0x000001eb7ceed510 JavaThread "Cancel handler"                    [_thread_blocked, id=14856, stack(0x000000b5e9d00000,0x000000b5e9e00000) (1024K)]
  0x000001eb7ceee230 JavaThread "Daemon worker"                     [_thread_in_native, id=10616, stack(0x000000b5e9e00000,0x000000b5e9f00000) (1024K)]
  0x000001eb7e9eeb10 JavaThread "Asynchronous log dispatcher for DefaultDaemonConnection: socket connection from /127.0.0.1:50932 to /127.0.0.1:50933"        [_thread_blocked, id=15504, stack(0x000000b5e9f00000,0x000000b5ea000000) (1024K)]
  0x000001eb7e9eddf0 JavaThread "Stdin handler"                     [_thread_blocked, id=14240, stack(0x000000b5ea000000,0x000000b5ea100000) (1024K)]
  0x000001eb7e9efec0 JavaThread "Daemon client event forwarder"        [_thread_blocked, id=20264, stack(0x000000b5ea100000,0x000000b5ea200000) (1024K)]
  0x000001eb7e9ef1a0 JavaThread "Cache worker for journal cache (C:\Users\ASUS\.gradle\caches\journal-1)"        [_thread_blocked, id=19880, stack(0x000000b5ea700000,0x000000b5ea800000) (1024K)]
  0x000001eb7e9ef830 JavaThread "File lock request listener"        [_thread_in_native, id=20428, stack(0x000000b5ea800000,0x000000b5ea900000) (1024K)]
  0x000001eb7e9f0be0 JavaThread "Cache worker for file hash cache (C:\Users\ASUS\.gradle\caches\8.9\fileHashes)"        [_thread_blocked, id=12196, stack(0x000000b5ea900000,0x000000b5eaa00000) (1024K)]
Total: 24

Other Threads:
  0x000001eb7ccb97a0 VMThread "VM Thread"                           [id=8596, stack(0x000000b5e8900000,0x000000b5e8a00000) (1024K)]
  0x000001eb7cca9ca0 WatcherThread "VM Periodic Task Thread"        [id=9848, stack(0x000000b5e8800000,0x000000b5e8900000) (1024K)]
  0x000001eb6cccd070 WorkerThread "GC Thread#0"                     [id=7544, stack(0x000000b5e8300000,0x000000b5e8400000) (1024K)]
  0x000001eb7d897c20 WorkerThread "GC Thread#1"                     [id=17496, stack(0x000000b5e9400000,0x000000b5e9500000) (1024K)]
  0x000001eb7da3c680 WorkerThread "GC Thread#2"                     [id=15388, stack(0x000000b5e9500000,0x000000b5e9600000) (1024K)]
  0x000001eb7da3ca20 WorkerThread "GC Thread#3"                     [id=21464, stack(0x000000b5e9600000,0x000000b5e9700000) (1024K)]
  0x000001eb7d8c3b10 WorkerThread "GC Thread#4"                     [id=20664, stack(0x000000b5e9700000,0x000000b5e9800000) (1024K)]
  0x000001eb7eea8090 WorkerThread "GC Thread#5"                     [id=21352, stack(0x000000b5ea200000,0x000000b5ea300000) (1024K)]
  0x000001eb7ea0a280 WorkerThread "GC Thread#6"                     [id=21252, stack(0x000000b5ea300000,0x000000b5ea400000) (1024K)]
  0x000001eb7e9ff230 WorkerThread "GC Thread#7"                     [id=15780, stack(0x000000b5ea400000,0x000000b5ea500000) (1024K)]
  0x000001eb7e91a070 WorkerThread "GC Thread#8"                     [id=192, stack(0x000000b5ea500000,0x000000b5ea600000) (1024K)]
  0x000001eb7e91a410 WorkerThread "GC Thread#9"                     [id=13064, stack(0x000000b5ea600000,0x000000b5ea700000) (1024K)]
  0x000001eb6ef247a0 ConcurrentGCThread "G1 Main Marker"            [id=21444, stack(0x000000b5e8400000,0x000000b5e8500000) (1024K)]
  0x000001eb6ef250b0 WorkerThread "G1 Conc#0"                       [id=17916, stack(0x000000b5e8500000,0x000000b5e8600000) (1024K)]
  0x000001eb7cb79530 ConcurrentGCThread "G1 Refine#0"               [id=10276, stack(0x000000b5e8600000,0x000000b5e8700000) (1024K)]
  0x000001eb7cb79d50 ConcurrentGCThread "G1 Service"                [id=17172, stack(0x000000b5e8700000,0x000000b5e8800000) (1024K)]
Total: 16

Threads with active compile tasks:
C2 CompilerThread0    34339 2768   !   4       java.net.URLClassLoader::findClass (47 bytes)
Total: 1

VM state: not at safepoint (normal execution)

VM Mutex/Monitor currently owned by a thread: None

Heap address: 0x0000000080000000, size: 2048 MB, Compressed Oops mode: 32-bit

CDS archive(s) mapped at: [0x000001eb0f000000-0x000001eb0fc90000-0x000001eb0fc90000), size 13172736, SharedBaseAddress: 0x000001eb0f000000, ArchiveRelocationMode: 1.
Compressed class space mapped at: 0x000001eb10000000-0x000001eb50000000, reserved size: 1073741824
Narrow klass base: 0x000001eb0f000000, Narrow klass shift: 0, Narrow klass range: 0x100000000

GC Precious Log:
 CardTable entry size: 512
 Card Set container configuration: InlinePtr #cards 5 size 8 Array Of Cards #cards 12 size 40 Howl #buckets 4 coarsen threshold 1843 Howl Bitmap #cards 512 size 80 coarsen threshold 460 Card regions per heap region 1 cards per card region 2048
 CPUs: 12 total, 12 available
 Memory: 7930M
 Large Page Support: Disabled
 NUMA Support: Disabled
 Compressed Oops: Enabled (32-bit)
 Heap Region Size: 1M
 Heap Min Capacity: 8M
 Heap Initial Capacity: 124M
 Heap Max Capacity: 2G
 Pre-touch: Disabled
 Parallel Workers: 10
 Concurrent Workers: 3
 Concurrent Refinement Workers: 10
 Periodic GC: Disabled

Heap:
 garbage-first heap   total 126976K, used 52073K [0x0000000080000000, 0x0000000100000000)
  region size 1024K, 41 young (41984K), 10 survivors (10240K)
 Metaspace       used 17723K, committed 18304K, reserved 1114112K
  class space    used 2455K, committed 2688K, reserved 1048576K

Heap Regions: E=young(eden), S=young(survivor), O=old, HS=humongous(starts), HC=humongous(continues), CS=collection set, F=free, TAMS=top-at-mark-start, PB=parsable bottom
|   0|0x0000000080000000, 0x0000000080100000, 0x0000000080100000|100%|HS|  |TAMS 0x0000000080000000| PB 0x0000000080000000| Complete 
|   1|0x0000000080100000, 0x0000000080200000, 0x0000000080200000|100%|HC|  |TAMS 0x0000000080100000| PB 0x0000000080100000| Complete 
|   2|0x0000000080200000, 0x0000000080300000, 0x0000000080300000|100%|HC|  |TAMS 0x0000000080200000| PB 0x0000000080200000| Complete 
|   3|0x0000000080300000, 0x0000000080400000, 0x0000000080400000|100%|HC|  |TAMS 0x0000000080300000| PB 0x0000000080300000| Complete 
|   4|0x0000000080400000, 0x0000000080500000, 0x0000000080500000|100%| O|  |TAMS 0x0000000080400000| PB 0x0000000080400000| Untracked 
|   5|0x0000000080500000, 0x0000000080600000, 0x0000000080600000|100%| O|  |TAMS 0x0000000080500000| PB 0x0000000080500000| Untracked 
|   6|0x0000000080600000, 0x0000000080700000, 0x0000000080700000|100%| O|  |TAMS 0x0000000080600000| PB 0x0000000080600000| Untracked 
|   7|0x0000000080700000, 0x0000000080800000, 0x0000000080800000|100%| O|  |TAMS 0x0000000080700000| PB 0x0000000080700000| Untracked 
|   8|0x0000000080800000, 0x0000000080900000, 0x0000000080900000|100%| O|  |TAMS 0x0000000080800000| PB 0x0000000080800000| Untracked 
|   9|0x0000000080900000, 0x0000000080a00000, 0x0000000080a00000|100%| O|  |TAMS 0x0000000080900000| PB 0x0000000080900000| Untracked 
|  10|0x0000000080a00000, 0x0000000080a69b58, 0x0000000080b00000| 41%| O|  |TAMS 0x0000000080a00000| PB 0x0000000080a00000| Untracked 
|  11|0x0000000080b00000, 0x0000000080c00000, 0x0000000080c00000|100%|HS|  |TAMS 0x0000000080b00000| PB 0x0000000080b00000| Complete 
|  12|0x0000000080c00000, 0x0000000080c00000, 0x0000000080d00000|  0%| F|  |TAMS 0x0000000080c00000| PB 0x0000000080c00000| Untracked 
|  13|0x0000000080d00000, 0x0000000080d00000, 0x0000000080e00000|  0%| F|  |TAMS 0x0000000080d00000| PB 0x0000000080d00000| Untracked 
|  14|0x0000000080e00000, 0x0000000080e00000, 0x0000000080f00000|  0%| F|  |TAMS 0x0000000080e00000| PB 0x0000000080e00000| Untracked 
|  15|0x0000000080f00000, 0x0000000080f00000, 0x0000000081000000|  0%| F|  |TAMS 0x0000000080f00000| PB 0x0000000080f00000| Untracked 
|  16|0x0000000081000000, 0x0000000081000000, 0x0000000081100000|  0%| F|  |TAMS 0x0000000081000000| PB 0x0000000081000000| Untracked 
|  17|0x0000000081100000, 0x0000000081100000, 0x0000000081200000|  0%| F|  |TAMS 0x0000000081100000| PB 0x0000000081100000| Untracked 
|  18|0x0000000081200000, 0x0000000081200000, 0x0000000081300000|  0%| F|  |TAMS 0x0000000081200000| PB 0x0000000081200000| Untracked 
|  19|0x0000000081300000, 0x0000000081300000, 0x0000000081400000|  0%| F|  |TAMS 0x0000000081300000| PB 0x0000000081300000| Untracked 
|  20|0x0000000081400000, 0x0000000081400000, 0x0000000081500000|  0%| F|  |TAMS 0x0000000081400000| PB 0x0000000081400000| Untracked 
|  21|0x0000000081500000, 0x0000000081500000, 0x0000000081600000|  0%| F|  |TAMS 0x0000000081500000| PB 0x0000000081500000| Untracked 
|  22|0x0000000081600000, 0x0000000081600000, 0x0000000081700000|  0%| F|  |TAMS 0x0000000081600000| PB 0x0000000081600000| Untracked 
|  23|0x0000000081700000, 0x0000000081700000, 0x0000000081800000|  0%| F|  |TAMS 0x0000000081700000| PB 0x0000000081700000| Untracked 
|  24|0x0000000081800000, 0x0000000081800000, 0x0000000081900000|  0%| F|  |TAMS 0x0000000081800000| PB 0x0000000081800000| Untracked 
|  25|0x0000000081900000, 0x0000000081900000, 0x0000000081a00000|  0%| F|  |TAMS 0x0000000081900000| PB 0x0000000081900000| Untracked 
|  26|0x0000000081a00000, 0x0000000081a00000, 0x0000000081b00000|  0%| F|  |TAMS 0x0000000081a00000| PB 0x0000000081a00000| Untracked 
|  27|0x0000000081b00000, 0x0000000081b00000, 0x0000000081c00000|  0%| F|  |TAMS 0x0000000081b00000| PB 0x0000000081b00000| Untracked 
|  28|0x0000000081c00000, 0x0000000081c00000, 0x0000000081d00000|  0%| F|  |TAMS 0x0000000081c00000| PB 0x0000000081c00000| Untracked 
|  29|0x0000000081d00000, 0x0000000081d00000, 0x0000000081e00000|  0%| F|  |TAMS 0x0000000081d00000| PB 0x0000000081d00000| Untracked 
|  30|0x0000000081e00000, 0x0000000081e00000, 0x0000000081f00000|  0%| F|  |TAMS 0x0000000081e00000| PB 0x0000000081e00000| Untracked 
|  31|0x0000000081f00000, 0x0000000081f00000, 0x0000000082000000|  0%| F|  |TAMS 0x0000000081f00000| PB 0x0000000081f00000| Untracked 
|  32|0x0000000082000000, 0x0000000082000000, 0x0000000082100000|  0%| F|  |TAMS 0x0000000082000000| PB 0x0000000082000000| Untracked 
|  33|0x0000000082100000, 0x0000000082100000, 0x0000000082200000|  0%| F|  |TAMS 0x0000000082100000| PB 0x0000000082100000| Untracked 
|  34|0x0000000082200000, 0x0000000082200000, 0x0000000082300000|  0%| F|  |TAMS 0x0000000082200000| PB 0x0000000082200000| Untracked 
|  35|0x0000000082300000, 0x0000000082300000, 0x0000000082400000|  0%| F|  |TAMS 0x0000000082300000| PB 0x0000000082300000| Untracked 
|  36|0x0000000082400000, 0x0000000082400000, 0x0000000082500000|  0%| F|  |TAMS 0x0000000082400000| PB 0x0000000082400000| Untracked 
|  37|0x0000000082500000, 0x0000000082500000, 0x0000000082600000|  0%| F|  |TAMS 0x0000000082500000| PB 0x0000000082500000| Untracked 
|  38|0x0000000082600000, 0x0000000082600000, 0x0000000082700000|  0%| F|  |TAMS 0x0000000082600000| PB 0x0000000082600000| Untracked 
|  39|0x0000000082700000, 0x0000000082700000, 0x0000000082800000|  0%| F|  |TAMS 0x0000000082700000| PB 0x0000000082700000| Untracked 
|  40|0x0000000082800000, 0x0000000082870a80, 0x0000000082900000| 44%| S|CS|TAMS 0x0000000082800000| PB 0x0000000082800000| Complete 
|  41|0x0000000082900000, 0x0000000082a00000, 0x0000000082a00000|100%| S|CS|TAMS 0x0000000082900000| PB 0x0000000082900000| Complete 
|  42|0x0000000082a00000, 0x0000000082b00000, 0x0000000082b00000|100%| S|CS|TAMS 0x0000000082a00000| PB 0x0000000082a00000| Complete 
|  43|0x0000000082b00000, 0x0000000082c00000, 0x0000000082c00000|100%| S|CS|TAMS 0x0000000082b00000| PB 0x0000000082b00000| Complete 
|  44|0x0000000082c00000, 0x0000000082d00000, 0x0000000082d00000|100%| S|CS|TAMS 0x0000000082c00000| PB 0x0000000082c00000| Complete 
|  45|0x0000000082d00000, 0x0000000082e00000, 0x0000000082e00000|100%| S|CS|TAMS 0x0000000082d00000| PB 0x0000000082d00000| Complete 
|  46|0x0000000082e00000, 0x0000000082f00000, 0x0000000082f00000|100%| S|CS|TAMS 0x0000000082e00000| PB 0x0000000082e00000| Complete 
|  47|0x0000000082f00000, 0x0000000083000000, 0x0000000083000000|100%| S|CS|TAMS 0x0000000082f00000| PB 0x0000000082f00000| Complete 
|  48|0x0000000083000000, 0x0000000083100000, 0x0000000083100000|100%| S|CS|TAMS 0x0000000083000000| PB 0x0000000083000000| Complete 
|  49|0x0000000083100000, 0x0000000083200000, 0x0000000083200000|100%| S|CS|TAMS 0x0000000083100000| PB 0x0000000083100000| Complete 
|  50|0x0000000083200000, 0x0000000083200000, 0x0000000083300000|  0%| F|  |TAMS 0x0000000083200000| PB 0x0000000083200000| Untracked 
|  51|0x0000000083300000, 0x0000000083300000, 0x0000000083400000|  0%| F|  |TAMS 0x0000000083300000| PB 0x0000000083300000| Untracked 
|  52|0x0000000083400000, 0x0000000083400000, 0x0000000083500000|  0%| F|  |TAMS 0x0000000083400000| PB 0x0000000083400000| Untracked 
|  53|0x0000000083500000, 0x0000000083500000, 0x0000000083600000|  0%| F|  |TAMS 0x0000000083500000| PB 0x0000000083500000| Untracked 
|  54|0x0000000083600000, 0x0000000083600000, 0x0000000083700000|  0%| F|  |TAMS 0x0000000083600000| PB 0x0000000083600000| Untracked 
|  55|0x0000000083700000, 0x0000000083700000, 0x0000000083800000|  0%| F|  |TAMS 0x0000000083700000| PB 0x0000000083700000| Untracked 
|  56|0x0000000083800000, 0x0000000083800000, 0x0000000083900000|  0%| F|  |TAMS 0x0000000083800000| PB 0x0000000083800000| Untracked 
|  57|0x0000000083900000, 0x0000000083900000, 0x0000000083a00000|  0%| F|  |TAMS 0x0000000083900000| PB 0x0000000083900000| Untracked 
|  58|0x0000000083a00000, 0x0000000083a00000, 0x0000000083b00000|  0%| F|  |TAMS 0x0000000083a00000| PB 0x0000000083a00000| Untracked 
|  59|0x0000000083b00000, 0x0000000083b00000, 0x0000000083c00000|  0%| F|  |TAMS 0x0000000083b00000| PB 0x0000000083b00000| Untracked 
|  60|0x0000000083c00000, 0x0000000083c00000, 0x0000000083d00000|  0%| F|  |TAMS 0x0000000083c00000| PB 0x0000000083c00000| Untracked 
|  61|0x0000000083d00000, 0x0000000083d00000, 0x0000000083e00000|  0%| F|  |TAMS 0x0000000083d00000| PB 0x0000000083d00000| Untracked 
|  62|0x0000000083e00000, 0x0000000083e00000, 0x0000000083f00000|  0%| F|  |TAMS 0x0000000083e00000| PB 0x0000000083e00000| Untracked 
|  63|0x0000000083f00000, 0x0000000083f00000, 0x0000000084000000|  0%| F|  |TAMS 0x0000000083f00000| PB 0x0000000083f00000| Untracked 
|  64|0x0000000084000000, 0x0000000084000000, 0x0000000084100000|  0%| F|  |TAMS 0x0000000084000000| PB 0x0000000084000000| Untracked 
|  65|0x0000000084100000, 0x0000000084100000, 0x0000000084200000|  0%| F|  |TAMS 0x0000000084100000| PB 0x0000000084100000| Untracked 
|  66|0x0000000084200000, 0x0000000084200000, 0x0000000084300000|  0%| F|  |TAMS 0x0000000084200000| PB 0x0000000084200000| Untracked 
|  67|0x0000000084300000, 0x0000000084300000, 0x0000000084400000|  0%| F|  |TAMS 0x0000000084300000| PB 0x0000000084300000| Untracked 
|  68|0x0000000084400000, 0x0000000084400000, 0x0000000084500000|  0%| F|  |TAMS 0x0000000084400000| PB 0x0000000084400000| Untracked 
|  69|0x0000000084500000, 0x0000000084500000, 0x0000000084600000|  0%| F|  |TAMS 0x0000000084500000| PB 0x0000000084500000| Untracked 
|  70|0x0000000084600000, 0x0000000084600000, 0x0000000084700000|  0%| F|  |TAMS 0x0000000084600000| PB 0x0000000084600000| Untracked 
|  71|0x0000000084700000, 0x0000000084700000, 0x0000000084800000|  0%| F|  |TAMS 0x0000000084700000| PB 0x0000000084700000| Untracked 
|  72|0x0000000084800000, 0x0000000084800000, 0x0000000084900000|  0%| F|  |TAMS 0x0000000084800000| PB 0x0000000084800000| Untracked 
|  73|0x0000000084900000, 0x0000000084900000, 0x0000000084a00000|  0%| F|  |TAMS 0x0000000084900000| PB 0x0000000084900000| Untracked 
|  74|0x0000000084a00000, 0x0000000084a00000, 0x0000000084b00000|  0%| F|  |TAMS 0x0000000084a00000| PB 0x0000000084a00000| Untracked 
|  75|0x0000000084b00000, 0x0000000084b00000, 0x0000000084c00000|  0%| F|  |TAMS 0x0000000084b00000| PB 0x0000000084b00000| Untracked 
|  76|0x0000000084c00000, 0x0000000084c00000, 0x0000000084d00000|  0%| F|  |TAMS 0x0000000084c00000| PB 0x0000000084c00000| Untracked 
|  77|0x0000000084d00000, 0x0000000084d00000, 0x0000000084e00000|  0%| F|  |TAMS 0x0000000084d00000| PB 0x0000000084d00000| Untracked 
|  78|0x0000000084e00000, 0x0000000084e00000, 0x0000000084f00000|  0%| F|  |TAMS 0x0000000084e00000| PB 0x0000000084e00000| Untracked 
|  79|0x0000000084f00000, 0x0000000084f00000, 0x0000000085000000|  0%| F|  |TAMS 0x0000000084f00000| PB 0x0000000084f00000| Untracked 
|  80|0x0000000085000000, 0x0000000085000000, 0x0000000085100000|  0%| F|  |TAMS 0x0000000085000000| PB 0x0000000085000000| Untracked 
|  81|0x0000000085100000, 0x0000000085100000, 0x0000000085200000|  0%| F|  |TAMS 0x0000000085100000| PB 0x0000000085100000| Untracked 
|  82|0x0000000085200000, 0x0000000085200000, 0x0000000085300000|  0%| F|  |TAMS 0x0000000085200000| PB 0x0000000085200000| Untracked 
|  83|0x0000000085300000, 0x0000000085300000, 0x0000000085400000|  0%| F|  |TAMS 0x0000000085300000| PB 0x0000000085300000| Untracked 
|  84|0x0000000085400000, 0x0000000085400000, 0x0000000085500000|  0%| F|  |TAMS 0x0000000085400000| PB 0x0000000085400000| Untracked 
|  85|0x0000000085500000, 0x0000000085500000, 0x0000000085600000|  0%| F|  |TAMS 0x0000000085500000| PB 0x0000000085500000| Untracked 
|  86|0x0000000085600000, 0x0000000085600000, 0x0000000085700000|  0%| F|  |TAMS 0x0000000085600000| PB 0x0000000085600000| Untracked 
|  87|0x0000000085700000, 0x0000000085700000, 0x0000000085800000|  0%| F|  |TAMS 0x0000000085700000| PB 0x0000000085700000| Untracked 
|  88|0x0000000085800000, 0x0000000085800000, 0x0000000085900000|  0%| F|  |TAMS 0x0000000085800000| PB 0x0000000085800000| Untracked 
|  89|0x0000000085900000, 0x0000000085900000, 0x0000000085a00000|  0%| F|  |TAMS 0x0000000085900000| PB 0x0000000085900000| Untracked 
|  90|0x0000000085a00000, 0x0000000085a00000, 0x0000000085b00000|  0%| F|  |TAMS 0x0000000085a00000| PB 0x0000000085a00000| Untracked 
|  91|0x0000000085b00000, 0x0000000085b00000, 0x0000000085c00000|  0%| F|  |TAMS 0x0000000085b00000| PB 0x0000000085b00000| Untracked 
|  92|0x0000000085c00000, 0x0000000085c00000, 0x0000000085d00000|  0%| F|  |TAMS 0x0000000085c00000| PB 0x0000000085c00000| Untracked 
|  93|0x0000000085d00000, 0x0000000085da1578, 0x0000000085e00000| 63%| E|  |TAMS 0x0000000085d00000| PB 0x0000000085d00000| Complete 
|  94|0x0000000085e00000, 0x0000000085f00000, 0x0000000085f00000|100%| E|CS|TAMS 0x0000000085e00000| PB 0x0000000085e00000| Complete 
|  95|0x0000000085f00000, 0x0000000086000000, 0x0000000086000000|100%| E|CS|TAMS 0x0000000085f00000| PB 0x0000000085f00000| Complete 
|  96|0x0000000086000000, 0x0000000086100000, 0x0000000086100000|100%| E|CS|TAMS 0x0000000086000000| PB 0x0000000086000000| Complete 
|  97|0x0000000086100000, 0x0000000086200000, 0x0000000086200000|100%| E|CS|TAMS 0x0000000086100000| PB 0x0000000086100000| Complete 
|  98|0x0000000086200000, 0x0000000086300000, 0x0000000086300000|100%| E|CS|TAMS 0x0000000086200000| PB 0x0000000086200000| Complete 
|  99|0x0000000086300000, 0x0000000086400000, 0x0000000086400000|100%| E|CS|TAMS 0x0000000086300000| PB 0x0000000086300000| Complete 
| 100|0x0000000086400000, 0x0000000086500000, 0x0000000086500000|100%| E|CS|TAMS 0x0000000086400000| PB 0x0000000086400000| Complete 
| 101|0x0000000086500000, 0x0000000086600000, 0x0000000086600000|100%| E|CS|TAMS 0x0000000086500000| PB 0x0000000086500000| Complete 
| 102|0x0000000086600000, 0x0000000086700000, 0x0000000086700000|100%| E|CS|TAMS 0x0000000086600000| PB 0x0000000086600000| Complete 
| 103|0x0000000086700000, 0x0000000086800000, 0x0000000086800000|100%| E|CS|TAMS 0x0000000086700000| PB 0x0000000086700000| Complete 
| 104|0x0000000086800000, 0x0000000086900000, 0x0000000086900000|100%| E|CS|TAMS 0x0000000086800000| PB 0x0000000086800000| Complete 
| 105|0x0000000086900000, 0x0000000086a00000, 0x0000000086a00000|100%| E|CS|TAMS 0x0000000086900000| PB 0x0000000086900000| Complete 
| 106|0x0000000086a00000, 0x0000000086b00000, 0x0000000086b00000|100%| E|CS|TAMS 0x0000000086a00000| PB 0x0000000086a00000| Complete 
| 107|0x0000000086b00000, 0x0000000086c00000, 0x0000000086c00000|100%| E|CS|TAMS 0x0000000086b00000| PB 0x0000000086b00000| Complete 
| 108|0x0000000086c00000, 0x0000000086d00000, 0x0000000086d00000|100%| E|CS|TAMS 0x0000000086c00000| PB 0x0000000086c00000| Complete 
| 109|0x0000000086d00000, 0x0000000086e00000, 0x0000000086e00000|100%| E|CS|TAMS 0x0000000086d00000| PB 0x0000000086d00000| Complete 
| 110|0x0000000086e00000, 0x0000000086f00000, 0x0000000086f00000|100%| E|CS|TAMS 0x0000000086e00000| PB 0x0000000086e00000| Complete 
| 111|0x0000000086f00000, 0x0000000087000000, 0x0000000087000000|100%| E|CS|TAMS 0x0000000086f00000| PB 0x0000000086f00000| Complete 
| 112|0x0000000087000000, 0x0000000087100000, 0x0000000087100000|100%| E|CS|TAMS 0x0000000087000000| PB 0x0000000087000000| Complete 
| 113|0x0000000087100000, 0x0000000087200000, 0x0000000087200000|100%| E|CS|TAMS 0x0000000087100000| PB 0x0000000087100000| Complete 
| 114|0x0000000087200000, 0x0000000087300000, 0x0000000087300000|100%| E|CS|TAMS 0x0000000087200000| PB 0x0000000087200000| Complete 
| 115|0x0000000087300000, 0x0000000087400000, 0x0000000087400000|100%| E|CS|TAMS 0x0000000087300000| PB 0x0000000087300000| Complete 
| 116|0x0000000087400000, 0x0000000087500000, 0x0000000087500000|100%| E|CS|TAMS 0x0000000087400000| PB 0x0000000087400000| Complete 
| 117|0x0000000087500000, 0x0000000087600000, 0x0000000087600000|100%| E|CS|TAMS 0x0000000087500000| PB 0x0000000087500000| Complete 
| 118|0x0000000087600000, 0x0000000087700000, 0x0000000087700000|100%| E|CS|TAMS 0x0000000087600000| PB 0x0000000087600000| Complete 
| 119|0x0000000087700000, 0x0000000087800000, 0x0000000087800000|100%| E|CS|TAMS 0x0000000087700000| PB 0x0000000087700000| Complete 
| 120|0x0000000087800000, 0x0000000087900000, 0x0000000087900000|100%| E|CS|TAMS 0x0000000087800000| PB 0x0000000087800000| Complete 
| 121|0x0000000087900000, 0x0000000087a00000, 0x0000000087a00000|100%| E|CS|TAMS 0x0000000087900000| PB 0x0000000087900000| Complete 
| 122|0x0000000087a00000, 0x0000000087b00000, 0x0000000087b00000|100%| E|CS|TAMS 0x0000000087a00000| PB 0x0000000087a00000| Complete 
| 123|0x0000000087b00000, 0x0000000087c00000, 0x0000000087c00000|100%| E|CS|TAMS 0x0000000087b00000| PB 0x0000000087b00000| Complete 

Card table byte_map: [0x000001eb77c90000,0x000001eb78090000] _byte_map_base: 0x000001eb77890000

Marking Bits: (CMBitMap*) 0x000001eb6cccd680
 Bits: [0x000001eb78090000, 0x000001eb7a090000)

Polling page: 0x000001eb6cdb0000

Metaspace:

Usage:
  Non-class:     14.93 MB used.
      Class:      2.40 MB used.
       Both:     17.33 MB used.

Virtual space:
  Non-class space:       64.00 MB reserved,      15.25 MB ( 24%) committed,  1 nodes.
      Class space:        1.00 GB reserved,       2.62 MB ( <1%) committed,  1 nodes.
             Both:        1.06 GB reserved,      17.88 MB (  2%) committed. 

Chunk freelists:
   Non-Class:  528.00 KB
       Class:  13.38 MB
        Both:  13.89 MB

MaxMetaspaceSize: unlimited
CompressedClassSpaceSize: 1.00 GB
Initial GC threshold: 21.00 MB
Current GC threshold: 21.00 MB
CDS: on
 - commit_granule_bytes: 65536.
 - commit_granule_words: 8192.
 - virtual_space_node_default_size: 8388608.
 - enlarge_chunks_in_place: 1.
 - use_allocation_guard: 0.


Internal statistics:

num_allocs_failed_limit: 0.
num_arena_births: 682.
num_arena_deaths: 0.
num_vsnodes_births: 2.
num_vsnodes_deaths: 0.
num_space_committed: 286.
num_space_uncommitted: 0.
num_chunks_returned_to_freelist: 0.
num_chunks_taken_from_freelist: 1321.
num_chunk_merges: 0.
num_chunk_splits: 857.
num_chunks_enlarged: 582.
num_inconsistent_stats: 0.

CodeHeap 'non-profiled nmethods': size=120000Kb used=1350Kb max_used=1350Kb free=118649Kb
 bounds [0x000001eb07ad0000, 0x000001eb07d40000, 0x000001eb0f000000]
CodeHeap 'profiled nmethods': size=120000Kb used=5738Kb max_used=5738Kb free=114261Kb
 bounds [0x000001eb00000000, 0x000001eb005a0000, 0x000001eb07530000]
CodeHeap 'non-nmethods': size=5760Kb used=1661Kb max_used=1673Kb free=4098Kb
 bounds [0x000001eb07530000, 0x000001eb077a0000, 0x000001eb07ad0000]
 total_blobs=3385 nmethods=2814 adapters=475
 compilation: enabled
              stopped_count=0, restarted_count=0
 full_count=0

Compilation events (20 events):
Event: 31.267 Thread 0x000001eb7ccf5450 nmethod 2805 0x000001eb0058d610 code [0x000001eb0058db00, 0x000001eb0058fea0]
Event: 31.267 Thread 0x000001eb7ccf5450 2806       3       org.gradle.initialization.MixInLegacyTypesClassLoader::shouldTransform (42 bytes)
Event: 31.267 Thread 0x000001eb7ccf5450 nmethod 2806 0x000001eb00590e10 code [0x000001eb00590fe0, 0x000001eb005913e0]
Event: 31.295 Thread 0x000001eb7ccf5450 2807       3       java.util.concurrent.locks.AbstractQueuedSynchronizer$ConditionObject::unlinkCancelledWaiters (91 bytes)
Event: 31.295 Thread 0x000001eb7ccf5450 nmethod 2807 0x000001eb00591590 code [0x000001eb00591760, 0x000001eb00591be8]
Event: 31.359 Thread 0x000001eb7ccf5450 2808   !   3       java.util.concurrent.LinkedBlockingQueue::poll (128 bytes)
Event: 32.274 Thread 0x000001eb7ccf5450 nmethod 2808 0x000001eb00591d10 code [0x000001eb00592140, 0x000001eb00593f58]
Event: 32.274 Thread 0x000001eb7ccf5450 2811       3       java.util.concurrent.locks.AbstractQueuedSynchronizer$Node::setStatusRelaxed (12 bytes)
Event: 32.274 Thread 0x000001eb7ccf5450 nmethod 2811 0x000001eb00594c10 code [0x000001eb00594da0, 0x000001eb00594eb8]
Event: 32.274 Thread 0x000001eb7ccf5450 2809       3       org.gradle.launcher.daemon.server.exec.DaemonConnectionBackedEventConsumer$ForwardEvents::moreMessagesToSend (35 bytes)
Event: 32.274 Thread 0x000001eb7ccf5450 nmethod 2809 0x000001eb00594f90 code [0x000001eb00595140, 0x000001eb005953f8]
Event: 32.274 Thread 0x000001eb7ccf5450 2810   !   3       org.gradle.launcher.daemon.server.exec.DaemonConnectionBackedEventConsumer$ForwardEvents::getNextEvent (27 bytes)
Event: 32.274 Thread 0x000001eb7ccf5450 nmethod 2810 0x000001eb00595510 code [0x000001eb005956c0, 0x000001eb00595938]
Event: 32.592 Thread 0x000001eb7ccf5450 2812       3       java.util.concurrent.locks.AbstractQueuedSynchronizer$Node::clearStatus (12 bytes)
Event: 32.592 Thread 0x000001eb7ccf5450 nmethod 2812 0x000001eb00595a90 code [0x000001eb00595c40, 0x000001eb00595de0]
Event: 32.592 Thread 0x000001eb7ccf5450 2813       3       jdk.internal.misc.Unsafe::putIntOpaque (9 bytes)
Event: 32.592 Thread 0x000001eb7ccf5450 nmethod 2813 0x000001eb00595e90 code [0x000001eb00596020, 0x000001eb00596138]
Event: 32.592 Thread 0x000001eb7ccf5450 2814       3       java.util.concurrent.locks.ReentrantLock$NonfairSync::tryAcquire (27 bytes)
Event: 32.592 Thread 0x000001eb7ccf5450 nmethod 2814 0x000001eb00596210 code [0x000001eb005963c0, 0x000001eb00596648]
Event: 32.603 Thread 0x000001eb7ccf5450 2815   !   3       java.util.concurrent.locks.AbstractQueuedSynchronizer::acquire (424 bytes)

GC Heap History (6 events):
Event: 12.666 GC heap before
{Heap before GC invocations=0 (full 0):
 garbage-first heap   total 126976K, used 26624K [0x0000000080000000, 0x0000000100000000)
  region size 1024K, 23 young (23552K), 0 survivors (0K)
 Metaspace       used 1107K, committed 1216K, reserved 1114112K
  class space    used 75K, committed 128K, reserved 1048576K
}
Event: 12.683 GC heap after
{Heap after GC invocations=1 (full 0):
 garbage-first heap   total 126976K, used 10440K [0x0000000080000000, 0x0000000100000000)
  region size 1024K, 3 young (3072K), 3 survivors (3072K)
 Metaspace       used 1107K, committed 1216K, reserved 1114112K
  class space    used 75K, committed 128K, reserved 1048576K
}
Event: 15.537 GC heap before
{Heap before GC invocations=1 (full 0):
 garbage-first heap   total 126976K, used 40136K [0x0000000080000000, 0x0000000100000000)
  region size 1024K, 32 young (32768K), 3 survivors (3072K)
 Metaspace       used 4317K, committed 4544K, reserved 1114112K
  class space    used 528K, committed 640K, reserved 1048576K
}
Event: 15.542 GC heap after
{Heap after GC invocations=2 (full 0):
 garbage-first heap   total 126976K, used 12275K [0x0000000080000000, 0x0000000100000000)
  region size 1024K, 2 young (2048K), 2 survivors (2048K)
 Metaspace       used 4317K, committed 4544K, reserved 1114112K
  class space    used 528K, committed 640K, reserved 1048576K
}
Event: 25.467 GC heap before
{Heap before GC invocations=2 (full 0):
 garbage-first heap   total 126976K, used 87027K [0x0000000080000000, 0x0000000100000000)
  region size 1024K, 74 young (75776K), 2 survivors (2048K)
 Metaspace       used 12946K, committed 13312K, reserved 1114112K
  class space    used 1689K, committed 1856K, reserved 1048576K
}
Event: 25.502 GC heap after
{Heap after GC invocations=3 (full 0):
 garbage-first heap   total 126976K, used 21353K [0x0000000080000000, 0x0000000100000000)
  region size 1024K, 10 young (10240K), 10 survivors (10240K)
 Metaspace       used 12946K, committed 13312K, reserved 1114112K
  class space    used 1689K, committed 1856K, reserved 1048576K
}

Dll operation events (15 events):
Event: 1.169 Loaded shared library C:\Java\jdk-21.0.5\bin\java.dll
Event: 1.246 Loaded shared library C:\Java\jdk-21.0.5\bin\jsvml.dll
Event: 1.302 Loaded shared library C:\Java\jdk-21.0.5\bin\zip.dll
Event: 1.304 Loaded shared library C:\Java\jdk-21.0.5\bin\instrument.dll
Event: 1.327 Loaded shared library C:\Java\jdk-21.0.5\bin\net.dll
Event: 1.339 Loaded shared library C:\Java\jdk-21.0.5\bin\nio.dll
Event: 1.418 Loaded shared library C:\Java\jdk-21.0.5\bin\zip.dll
Event: 8.472 Loaded shared library C:\Java\jdk-21.0.5\bin\jimage.dll
Event: 12.701 Loaded shared library C:\Java\jdk-21.0.5\bin\verify.dll
Event: 13.541 Loaded shared library C:\Users\ASUS\.gradle\native\c067742578af261105cb4f569cf0c3c89f3d7b1fecec35dd04571415982c5e48\windows-amd64\native-platform.dll
Event: 14.131 Loaded shared library C:\Users\ASUS\.gradle\native\100fb08df4bc3b14c8652ba06237920a3bd2aa13389f12d3474272988ae205f9\windows-amd64\native-platform-file-events.dll
Event: 23.128 Loaded shared library C:\Java\jdk-21.0.5\bin\management.dll
Event: 23.141 Loaded shared library C:\Java\jdk-21.0.5\bin\management_ext.dll
Event: 23.449 Loaded shared library C:\Java\jdk-21.0.5\bin\extnet.dll
Event: 24.142 Loaded shared library C:\Java\jdk-21.0.5\bin\sunmscapi.dll

Deoptimization events (20 events):
Event: 25.872 Thread 0x000001eb7ceee230 Uncommon trap: trap_request=0xffffff45 fr.pc=0x000001eb07b64bf0 relative=0x0000000000000690
Event: 25.872 Thread 0x000001eb7ceee230 Uncommon trap: reason=unstable_if action=reinterpret pc=0x000001eb07b64bf0 method=java.io.File.getName()Ljava/lang/String; @ 16 c2
Event: 25.872 Thread 0x000001eb7ceee230 DEOPT PACKING pc=0x000001eb07b64bf0 sp=0x000000b5e9efbbe0
Event: 25.872 Thread 0x000001eb7ceee230 DEOPT UNPACKING pc=0x000001eb07587da2 sp=0x000000b5e9efbbb0 mode 2
Event: 27.077 Thread 0x000001eb7ceee230 Uncommon trap: trap_request=0xffffff45 fr.pc=0x000001eb07aff914 relative=0x00000000000000f4
Event: 27.077 Thread 0x000001eb7ceee230 Uncommon trap: reason=unstable_if action=reinterpret pc=0x000001eb07aff914 method=java.util.HashMap.hash(Ljava/lang/Object;)I @ 1 c2
Event: 27.077 Thread 0x000001eb7ceee230 DEOPT PACKING pc=0x000001eb07aff914 sp=0x000000b5e9efca00
Event: 27.077 Thread 0x000001eb7ceee230 DEOPT UNPACKING pc=0x000001eb07587da2 sp=0x000000b5e9efc940 mode 2
Event: 27.123 Thread 0x000001eb7ceee230 Uncommon trap: trap_request=0xffffff45 fr.pc=0x000001eb07b908a0 relative=0x00000000000007e0
Event: 27.123 Thread 0x000001eb7ceee230 Uncommon trap: reason=unstable_if action=reinterpret pc=0x000001eb07b908a0 method=java.util.ArrayList.grow(I)[Ljava/lang/Object; @ 17 c2
Event: 27.123 Thread 0x000001eb7ceee230 DEOPT PACKING pc=0x000001eb07b908a0 sp=0x000000b5e9efd680
Event: 27.123 Thread 0x000001eb7ceee230 DEOPT UNPACKING pc=0x000001eb07587da2 sp=0x000000b5e9efd518 mode 2
Event: 27.228 Thread 0x000001eb7ceee230 Uncommon trap: trap_request=0xffffffcc fr.pc=0x000001eb07c1cc20 relative=0x0000000000000360
Event: 27.228 Thread 0x000001eb7ceee230 Uncommon trap: reason=intrinsic_or_type_checked_inlining action=make_not_entrant pc=0x000001eb07c1cc20 method=java.util.Arrays.copyOf([Ljava/lang/Object;ILjava/lang/Class;)[Ljava/lang/Object; @ 35 c2
Event: 27.228 Thread 0x000001eb7ceee230 DEOPT PACKING pc=0x000001eb07c1cc20 sp=0x000000b5e9efd3a0
Event: 27.228 Thread 0x000001eb7ceee230 DEOPT UNPACKING pc=0x000001eb07587da2 sp=0x000000b5e9efd330 mode 2
Event: 27.238 Thread 0x000001eb7ceee230 DEOPT PACKING pc=0x000001eb004693c1 sp=0x000000b5e9efc930
Event: 27.238 Thread 0x000001eb7ceee230 DEOPT UNPACKING pc=0x000001eb075888e2 sp=0x000000b5e9efbe40 mode 0
Event: 27.245 Thread 0x000001eb7ceee230 DEOPT PACKING pc=0x000001eb000dd9bf sp=0x000000b5e9efd3a0
Event: 27.245 Thread 0x000001eb7ceee230 DEOPT UNPACKING pc=0x000001eb075888e2 sp=0x000000b5e9efc838 mode 0

Classes loaded (20 events):
Event: 27.148 Loading class java/lang/invoke/BoundMethodHandle$Species_LLLLLLLLLLLLLLLLL
Event: 27.148 Loading class java/lang/invoke/BoundMethodHandle$Species_LLLLLLLLLLLLLLLLL done
Event: 27.149 Loading class java/lang/invoke/BoundMethodHandle$Species_LLLLLLLLLLLLLLLLLL
Event: 27.149 Loading class java/lang/invoke/BoundMethodHandle$Species_LLLLLLLLLLLLLLLLLL done
Event: 27.151 Loading class java/lang/invoke/BoundMethodHandle$Species_LLLLLLLLLLLLLLLLLLL
Event: 27.151 Loading class java/lang/invoke/BoundMethodHandle$Species_LLLLLLLLLLLLLLLLLLL done
Event: 27.152 Loading class java/lang/invoke/BoundMethodHandle$Species_LLLLLLLLLLLLLLLLLLLL
Event: 27.152 Loading class java/lang/invoke/BoundMethodHandle$Species_LLLLLLLLLLLLLLLLLLLL done
Event: 27.154 Loading class java/lang/invoke/BoundMethodHandle$Species_LLLLLLLLLLLLLLLLLLLLL
Event: 27.154 Loading class java/lang/invoke/BoundMethodHandle$Species_LLLLLLLLLLLLLLLLLLLLL done
Event: 27.155 Loading class java/lang/invoke/BoundMethodHandle$Species_LLLLLLLLLLLLLLLLLLLLLL
Event: 27.155 Loading class java/lang/invoke/BoundMethodHandle$Species_LLLLLLLLLLLLLLLLLLLLLL done
Event: 27.157 Loading class java/lang/invoke/BoundMethodHandle$Species_LLLLLLLLLLLLLLLLLLLLLLL
Event: 27.157 Loading class java/lang/invoke/BoundMethodHandle$Species_LLLLLLLLLLLLLLLLLLLLLLL done
Event: 27.195 Loading class java/util/Collections$2
Event: 27.195 Loading class java/util/Collections$2 done
Event: 33.601 Loading class java/util/concurrent/LinkedBlockingDeque$Itr
Event: 33.602 Loading class java/util/concurrent/LinkedBlockingDeque$AbstractItr
Event: 33.603 Loading class java/util/concurrent/LinkedBlockingDeque$AbstractItr done
Event: 33.603 Loading class java/util/concurrent/LinkedBlockingDeque$Itr done

Classes unloaded (0 events):
No events

Classes redefined (0 events):
No events

Internal exceptions (20 events):
Event: 25.700 Thread 0x000001eb7ceee230 Exception <a 'java/lang/IncompatibleClassChangeError'{0x00000000873be8e8}: Found class java.lang.Object, but interface was expected> (0x00000000873be8e8) 
thrown [s\open\src\hotspot\share\interpreter\linkResolver.cpp, line 840]
Event: 25.724 Thread 0x000001eb7ceee230 Exception <a 'java/lang/NoSuchMethodError'{0x00000000872dfeb8}: 'java.lang.Object java.lang.invoke.DirectMethodHandle$Holder.newInvokeSpecial(java.lang.Object, java.lang.Object, int)'> (0x00000000872dfeb8) 
thrown [s\open\src\hotspot\share\interpreter\linkResolver.cpp, line 773]
Event: 25.772 Thread 0x000001eb7ceee230 Exception <a 'java/lang/NoSuchMethodError'{0x000000008718c9c0}: 'java.lang.Object java.lang.invoke.DirectMethodHandle$Holder.invokeVirtual(java.lang.Object, java.lang.Object, java.lang.Object, java.lang.Object, java.lang.Object, java.lang.Object, java.lang.Object, java.lang.Object)'> (0x000000008718c9c0) 
thrown [s\open\src\hotspot\share\interpreter\linkResolver.cpp, line 773]
Event: 27.044 Thread 0x000001eb7ceee230 Exception <a 'java/lang/NoSuchMethodError'{0x0000000086c976b0}: 'int java.lang.invoke.DirectMethodHandle$Holder.invokeSpecialIFC(java.lang.Object, java.lang.Object, java.lang.Object, java.lang.Object)'> (0x0000000086c976b0) 
thrown [s\open\src\hotspot\share\interpreter\linkResolver.cpp, line 773]
Event: 27.046 Thread 0x000001eb7ceee230 Exception <a 'java/lang/NoSuchMethodError'{0x0000000086ca4ec0}: 'java.lang.Object java.lang.invoke.DirectMethodHandle$Holder.invokeInterface(java.lang.Object, java.lang.Object, java.lang.Object)'> (0x0000000086ca4ec0) 
thrown [s\open\src\hotspot\share\interpreter\linkResolver.cpp, line 773]
Event: 27.046 Thread 0x000001eb7ceee230 Exception <a 'java/lang/IncompatibleClassChangeError'{0x0000000086ca8818}: Found class java.lang.Object, but interface was expected> (0x0000000086ca8818) 
thrown [s\open\src\hotspot\share\interpreter\linkResolver.cpp, line 840]
Event: 27.077 Thread 0x000001eb7ceee230 Implicit null exception at 0x000001eb07aff866 to 0x000001eb07aff90a
Event: 27.097 Thread 0x000001eb7ceee230 Exception <a 'java/lang/NoSuchMethodError'{0x0000000086a92e38}: 'int java.lang.invoke.DirectMethodHandle$Holder.invokeStatic(java.lang.Object, java.lang.Object, java.lang.Object, java.lang.Object)'> (0x0000000086a92e38) 
thrown [s\open\src\hotspot\share\interpreter\linkResolver.cpp, line 773]
Event: 27.140 Thread 0x000001eb7ceee230 Exception <a 'java/lang/NoSuchMethodError'{0x0000000086863628}: 'java.lang.Object java.lang.invoke.DelegatingMethodHandle$Holder.reinvoke_L(java.lang.Object, java.lang.Object, java.lang.Object, java.lang.Object, java.lang.Object, java.lang.Object, java.lang.Object, java.lang.Object, java.lang.Object, java.lang.Object, java.lang.Object, java.lang.Object, java.lang.Object, java.lang.Object, java.lang.Object, java.lang.Object, java.lang.Object, java.lang.Object, java.lang.Object, java.lang.Object, java.lang.O
Event: 27.144 Thread 0x000001eb7ceee230 Exception <a 'java/lang/NoSuchMethodError'{0x00000000868d0060}: 'java.lang.Object java.lang.invoke.DirectMethodHandle$Holder.invokeStatic(java.lang.Object, java.lang.Object, java.lang.Object, java.lang.Object, java.lang.Object, java.lang.Object, java.lang.Object, java.lang.Object, java.lang.Object, java.lang.Object, java.lang.Object, java.lang.Object, java.lang.Object, java.lang.Object, java.lang.Object, java.lang.Object, java.lang.Object)'> (0x00000000868d0060) 
thrown [s\open\src\hotspot\share\interprete
Event: 27.145 Thread 0x000001eb7ceee230 Exception <a 'java/lang/NoSuchMethodError'{0x00000000868f8ac0}: 'java.lang.Object java.lang.invoke.DirectMethodHandle$Holder.invokeStatic(java.lang.Object, java.lang.Object, java.lang.Object, java.lang.Object, java.lang.Object, java.lang.Object, java.lang.Object, java.lang.Object, java.lang.Object, java.lang.Object, java.lang.Object, java.lang.Object, java.lang.Object, java.lang.Object, java.lang.Object, java.lang.Object, java.lang.Object, java.lang.Object)'> (0x00000000868f8ac0) 
thrown [s\open\src\hotspo
Event: 27.147 Thread 0x000001eb7ceee230 Exception <a 'java/lang/NoSuchMethodError'{0x0000000086722a30}: 'java.lang.Object java.lang.invoke.DirectMethodHandle$Holder.invokeStatic(java.lang.Object, java.lang.Object, java.lang.Object, java.lang.Object, java.lang.Object, java.lang.Object, java.lang.Object, java.lang.Object, java.lang.Object, java.lang.Object, java.lang.Object, java.lang.Object, java.lang.Object, java.lang.Object, java.lang.Object, java.lang.Object, java.lang.Object, java.lang.Object, java.lang.Object)'> (0x0000000086722a30) 
thrown 
Event: 27.149 Thread 0x000001eb7ceee230 Exception <a 'java/lang/NoSuchMethodError'{0x000000008674d940}: 'java.lang.Object java.lang.invoke.DirectMethodHandle$Holder.invokeStatic(java.lang.Object, java.lang.Object, java.lang.Object, java.lang.Object, java.lang.Object, java.lang.Object, java.lang.Object, java.lang.Object, java.lang.Object, java.lang.Object, java.lang.Object, java.lang.Object, java.lang.Object, java.lang.Object, java.lang.Object, java.lang.Object, java.lang.Object, java.lang.Object, java.lang.Object, java.lang.Object)'> (0x00000000
Event: 27.150 Thread 0x000001eb7ceee230 Exception <a 'java/lang/NoSuchMethodError'{0x0000000086779dd8}: 'java.lang.Object java.lang.invoke.DirectMethodHandle$Holder.invokeStatic(java.lang.Object, java.lang.Object, java.lang.Object, java.lang.Object, java.lang.Object, java.lang.Object, java.lang.Object, java.lang.Object, java.lang.Object, java.lang.Object, java.lang.Object, java.lang.Object, java.lang.Object, java.lang.Object, java.lang.Object, java.lang.Object, java.lang.Object, java.lang.Object, java.lang.Object, java.lang.Object, java.lang.Obj
Event: 27.151 Thread 0x000001eb7ceee230 Exception <a 'java/lang/NoSuchMethodError'{0x00000000867a74b0}: 'java.lang.Object java.lang.invoke.DirectMethodHandle$Holder.invokeStatic(java.lang.Object, java.lang.Object, java.lang.Object, java.lang.Object, java.lang.Object, java.lang.Object, java.lang.Object, java.lang.Object, java.lang.Object, java.lang.Object, java.lang.Object, java.lang.Object, java.lang.Object, java.lang.Object, java.lang.Object, java.lang.Object, java.lang.Object, java.lang.Object, java.lang.Object, java.lang.Object, java.lang.Obj
Event: 27.153 Thread 0x000001eb7ceee230 Exception <a 'java/lang/NoSuchMethodError'{0x00000000867d5158}: 'java.lang.Object java.lang.invoke.DirectMethodHandle$Holder.invokeStatic(java.lang.Object, java.lang.Object, java.lang.Object, java.lang.Object, java.lang.Object, java.lang.Object, java.lang.Object, java.lang.Object, java.lang.Object, java.lang.Object, java.lang.Object, java.lang.Object, java.lang.Object, java.lang.Object, java.lang.Object, java.lang.Object, java.lang.Object, java.lang.Object, java.lang.Object, java.lang.Object, java.lang.Obj
Event: 27.155 Thread 0x000001eb7ceee230 Exception <a 'java/lang/NoSuchMethodError'{0x0000000086604230}: 'java.lang.Object java.lang.invoke.DirectMethodHandle$Holder.invokeStatic(java.lang.Object, java.lang.Object, java.lang.Object, java.lang.Object, java.lang.Object, java.lang.Object, java.lang.Object, java.lang.Object, java.lang.Object, java.lang.Object, java.lang.Object, java.lang.Object, java.lang.Object, java.lang.Object, java.lang.Object, java.lang.Object, java.lang.Object, java.lang.Object, java.lang.Object, java.lang.Object, java.lang.Obj
Event: 27.156 Thread 0x000001eb7ceee230 Exception <a 'java/lang/NoSuchMethodError'{0x00000000866339f8}: 'java.lang.Object java.lang.invoke.DirectMethodHandle$Holder.invokeStatic(java.lang.Object, java.lang.Object, java.lang.Object, java.lang.Object, java.lang.Object, java.lang.Object, java.lang.Object, java.lang.Object, java.lang.Object, java.lang.Object, java.lang.Object, java.lang.Object, java.lang.Object, java.lang.Object, java.lang.Object, java.lang.Object, java.lang.Object, java.lang.Object, java.lang.Object, java.lang.Object, java.lang.Obj
Event: 27.158 Thread 0x000001eb7ceee230 Exception <a 'java/lang/NoSuchMethodError'{0x0000000086664cd8}: 'java.lang.Object java.lang.invoke.DirectMethodHandle$Holder.invokeStatic(java.lang.Object, java.lang.Object, java.lang.Object, java.lang.Object, java.lang.Object, java.lang.Object, java.lang.Object, java.lang.Object, java.lang.Object, java.lang.Object, java.lang.Object, java.lang.Object, java.lang.Object, java.lang.Object, java.lang.Object, java.lang.Object, java.lang.Object, java.lang.Object, java.lang.Object, java.lang.Object, java.lang.Obj
Event: 27.181 Thread 0x000001eb7ceee230 Exception <a 'java/lang/IncompatibleClassChangeError'{0x000000008655a738}: Found class java.lang.Object, but interface was expected> (0x000000008655a738) 
thrown [s\open\src\hotspot\share\interpreter\linkResolver.cpp, line 840]

ZGC Phase Switch (0 events):
No events

VM Operations (20 events):
Event: 25.108 Executing VM operation: Cleanup
Event: 25.108 Executing VM operation: Cleanup done
Event: 25.466 Executing VM operation: G1CollectForAllocation (G1 Evacuation Pause)
Event: 25.502 Executing VM operation: G1CollectForAllocation (G1 Evacuation Pause) done
Event: 25.551 Executing VM operation: HandshakeAllThreads (Deoptimize)
Event: 25.552 Executing VM operation: HandshakeAllThreads (Deoptimize) done
Event: 25.722 Executing VM operation: HandshakeAllThreads (Deoptimize)
Event: 25.722 Executing VM operation: HandshakeAllThreads (Deoptimize) done
Event: 26.722 Executing VM operation: Cleanup
Event: 26.722 Executing VM operation: Cleanup done
Event: 27.169 Executing VM operation: HandshakeAllThreads (Deoptimize)
Event: 27.169 Executing VM operation: HandshakeAllThreads (Deoptimize) done
Event: 27.170 Executing VM operation: HandshakeAllThreads (Deoptimize)
Event: 27.170 Executing VM operation: HandshakeAllThreads (Deoptimize) done
Event: 28.170 Executing VM operation: Cleanup
Event: 28.170 Executing VM operation: Cleanup done
Event: 30.172 Executing VM operation: Cleanup
Event: 30.253 Executing VM operation: Cleanup done
Event: 32.254 Executing VM operation: Cleanup
Event: 32.254 Executing VM operation: Cleanup done

Events (20 events):
Event: 1.242 Thread 0x000001eb7cce4090 Thread added: 0x000001eb7cce4090
Event: 1.242 Thread 0x000001eb7cce7bf0 Thread added: 0x000001eb7cce7bf0
Event: 1.242 Thread 0x000001eb7cceb5a0 Thread added: 0x000001eb7cceb5a0
Event: 1.242 Thread 0x000001eb7ccf12f0 Thread added: 0x000001eb7ccf12f0
Event: 1.242 Thread 0x000001eb7ccf5450 Thread added: 0x000001eb7ccf5450
Event: 1.259 Thread 0x000001eb7ceec160 Thread added: 0x000001eb7ceec160
Event: 2.711 Thread 0x000001eb7ceec7f0 Thread added: 0x000001eb7ceec7f0
Event: 23.180 Thread 0x000001eb7ceedba0 Thread added: 0x000001eb7ceedba0
Event: 23.484 Thread 0x000001eb7ceece80 Thread added: 0x000001eb7ceece80
Event: 23.599 Thread 0x000001eb7ceee8c0 Thread added: 0x000001eb7ceee8c0
Event: 24.186 Thread 0x000001eb7ceeb440 Thread added: 0x000001eb7ceeb440
Event: 24.189 Thread 0x000001eb7ceebad0 Thread added: 0x000001eb7ceebad0
Event: 24.864 Thread 0x000001eb7ceed510 Thread added: 0x000001eb7ceed510
Event: 24.911 Thread 0x000001eb7ceee230 Thread added: 0x000001eb7ceee230
Event: 24.923 Thread 0x000001eb7e9eeb10 Thread added: 0x000001eb7e9eeb10
Event: 24.928 Thread 0x000001eb7e9eddf0 Thread added: 0x000001eb7e9eddf0
Event: 24.930 Thread 0x000001eb7e9efec0 Thread added: 0x000001eb7e9efec0
Event: 25.722 Thread 0x000001eb7e9ef1a0 Thread added: 0x000001eb7e9ef1a0
Event: 25.748 Thread 0x000001eb7e9ef830 Thread added: 0x000001eb7e9ef830
Event: 25.801 Thread 0x000001eb7e9f0be0 Thread added: 0x000001eb7e9f0be0


Dynamic libraries:
0x00007ff734ec0000 - 0x00007ff734ed0000 	C:\Java\jdk-21.0.5\bin\java.exe
0x00007ffc7a1e0000 - 0x00007ffc7a443000 	C:\WINDOWS\SYSTEM32\ntdll.dll
0x00007ffc79440000 - 0x00007ffc79508000 	C:\WINDOWS\System32\KERNEL32.DLL
0x00007ffc77760000 - 0x00007ffc77b12000 	C:\WINDOWS\System32\KERNELBASE.dll
0x00007ffc77d10000 - 0x00007ffc77e5b000 	C:\WINDOWS\System32\ucrtbase.dll
0x00007ffc5d4d0000 - 0x00007ffc5d4eb000 	C:\Java\jdk-21.0.5\bin\VCRUNTIME140.dll
0x00007ffc5e830000 - 0x00007ffc5e849000 	C:\Java\jdk-21.0.5\bin\jli.dll
0x00007ffc7a0e0000 - 0x00007ffc7a194000 	C:\WINDOWS\System32\ADVAPI32.dll
0x00007ffc79c80000 - 0x00007ffc79d29000 	C:\WINDOWS\System32\msvcrt.dll
0x00007ffc799f0000 - 0x00007ffc79a96000 	C:\WINDOWS\System32\sechost.dll
0x00007ffc79fc0000 - 0x00007ffc7a0d6000 	C:\WINDOWS\System32\RPCRT4.dll
0x00007ffc79aa0000 - 0x00007ffc79c68000 	C:\WINDOWS\System32\USER32.dll
0x00007ffc775b0000 - 0x00007ffc775d7000 	C:\WINDOWS\System32\win32u.dll
0x00007ffc78760000 - 0x00007ffc7878a000 	C:\WINDOWS\System32\GDI32.dll
0x00007ffc77e60000 - 0x00007ffc77f8b000 	C:\WINDOWS\System32\gdi32full.dll
0x00007ffc77f90000 - 0x00007ffc78033000 	C:\WINDOWS\System32\msvcp_win.dll
0x00007ffc5cf70000 - 0x00007ffc5d200000 	C:\WINDOWS\WinSxS\amd64_microsoft.windows.common-controls_6595b64144ccf1df_6.0.26100.2454_none_3e0b68a2e331ad60\COMCTL32.dll
0x00007ffc6f640000 - 0x00007ffc6f64b000 	C:\WINDOWS\SYSTEM32\VERSION.dll
0x00007ffc79f80000 - 0x00007ffc79faf000 	C:\WINDOWS\System32\IMM32.DLL
0x00007ffc606c0000 - 0x00007ffc606cc000 	C:\Java\jdk-21.0.5\bin\vcruntime140_1.dll
0x00007ffc33f70000 - 0x00007ffc33ffe000 	C:\Java\jdk-21.0.5\bin\msvcp140.dll
0x00007ffbeda20000 - 0x00007ffbee738000 	C:\Java\jdk-21.0.5\bin\server\jvm.dll
0x00007ffc78c90000 - 0x00007ffc78d04000 	C:\WINDOWS\System32\WS2_32.dll
0x00007ffc76280000 - 0x00007ffc762ce000 	C:\WINDOWS\SYSTEM32\POWRPROF.dll
0x00007ffc6bb00000 - 0x00007ffc6bb36000 	C:\WINDOWS\SYSTEM32\WINMM.dll
0x00007ffc76260000 - 0x00007ffc76274000 	C:\WINDOWS\SYSTEM32\UMPDC.dll
0x00007ffc76500000 - 0x00007ffc7651a000 	C:\WINDOWS\SYSTEM32\kernel.appcore.dll
0x00007ffc5e820000 - 0x00007ffc5e82a000 	C:\Java\jdk-21.0.5\bin\jimage.dll
0x00007ffc74f00000 - 0x00007ffc75141000 	C:\WINDOWS\SYSTEM32\DBGHELP.DLL
0x00007ffc79510000 - 0x00007ffc7988e000 	C:\WINDOWS\System32\combase.dll
0x00007ffc79910000 - 0x00007ffc799e6000 	C:\WINDOWS\System32\OLEAUT32.dll
0x00007ffc6c430000 - 0x00007ffc6c469000 	C:\WINDOWS\SYSTEM32\dbgcore.DLL
0x00007ffc77c70000 - 0x00007ffc77d09000 	C:\WINDOWS\System32\bcryptPrimitives.dll
0x00007ffc5e5e0000 - 0x00007ffc5e5ef000 	C:\Java\jdk-21.0.5\bin\instrument.dll
0x00007ffc4c1d0000 - 0x00007ffc4c1ef000 	C:\Java\jdk-21.0.5\bin\java.dll
0x00007ffc78d10000 - 0x00007ffc79410000 	C:\WINDOWS\System32\SHELL32.dll
0x00007ffc75300000 - 0x00007ffc75b31000 	C:\WINDOWS\SYSTEM32\windows.storage.dll
0x00007ffc78630000 - 0x00007ffc7870a000 	C:\WINDOWS\System32\SHCORE.dll
0x00007ffc79f10000 - 0x00007ffc79f6d000 	C:\WINDOWS\System32\shlwapi.dll
0x00007ffc774c0000 - 0x00007ffc774ee000 	C:\WINDOWS\SYSTEM32\profapi.dll
0x00007ffc2fbb0000 - 0x00007ffc2fc87000 	C:\Java\jdk-21.0.5\bin\jsvml.dll
0x00007ffc4bc50000 - 0x00007ffc4bc68000 	C:\Java\jdk-21.0.5\bin\zip.dll
0x00007ffc5d590000 - 0x00007ffc5d5a0000 	C:\Java\jdk-21.0.5\bin\net.dll
0x00007ffc704d0000 - 0x00007ffc705f6000 	C:\WINDOWS\SYSTEM32\WINHTTP.dll
0x00007ffc76a00000 - 0x00007ffc76a68000 	C:\WINDOWS\system32\mswsock.dll
0x00007ffc4bc30000 - 0x00007ffc4bc46000 	C:\Java\jdk-21.0.5\bin\nio.dll
0x00007ffc5d4c0000 - 0x00007ffc5d4d0000 	C:\Java\jdk-21.0.5\bin\verify.dll
0x00007ffc606d0000 - 0x00007ffc606f7000 	C:\Users\ASUS\.gradle\native\c067742578af261105cb4f569cf0c3c89f3d7b1fecec35dd04571415982c5e48\windows-amd64\native-platform.dll
0x00007ffc25d60000 - 0x00007ffc25ea4000 	C:\Users\ASUS\.gradle\native\100fb08df4bc3b14c8652ba06237920a3bd2aa13389f12d3474272988ae205f9\windows-amd64\native-platform-file-events.dll
0x00007ffc5c6c0000 - 0x00007ffc5c6ca000 	C:\Java\jdk-21.0.5\bin\management.dll
0x00007ffc5bfb0000 - 0x00007ffc5bfbb000 	C:\Java\jdk-21.0.5\bin\management_ext.dll
0x00007ffc78ae0000 - 0x00007ffc78ae8000 	C:\WINDOWS\System32\PSAPI.DLL
0x00007ffc76ca0000 - 0x00007ffc76cbc000 	C:\WINDOWS\SYSTEM32\CRYPTSP.dll
0x00007ffc76460000 - 0x00007ffc76498000 	C:\WINDOWS\system32\rsaenh.dll
0x00007ffc76aa0000 - 0x00007ffc76acb000 	C:\WINDOWS\SYSTEM32\USERENV.dll
0x00007ffc76ee0000 - 0x00007ffc76f06000 	C:\WINDOWS\SYSTEM32\bcrypt.dll
0x00007ffc76cc0000 - 0x00007ffc76ccc000 	C:\WINDOWS\SYSTEM32\CRYPTBASE.dll
0x00007ffc75f70000 - 0x00007ffc75fa2000 	C:\WINDOWS\SYSTEM32\IPHLPAPI.DLL
0x00007ffc79900000 - 0x00007ffc7990a000 	C:\WINDOWS\System32\NSI.dll
0x00007ffc5aaf0000 - 0x00007ffc5aaf9000 	C:\Java\jdk-21.0.5\bin\extnet.dll
0x00007ffc5a2d0000 - 0x00007ffc5a2de000 	C:\Java\jdk-21.0.5\bin\sunmscapi.dll
0x00007ffc775e0000 - 0x00007ffc77756000 	C:\WINDOWS\System32\CRYPT32.dll
0x00007ffc76ea0000 - 0x00007ffc76ed0000 	C:\WINDOWS\SYSTEM32\ncrypt.dll
0x00007ffc76e50000 - 0x00007ffc76e8f000 	C:\WINDOWS\SYSTEM32\NTASN1.dll
0x00007ffc6f250000 - 0x00007ffc6f258000 	C:\WINDOWS\system32\wshunix.dll

dbghelp: loaded successfully - version: 4.0.5 - missing functions: none
symbol engine: initialized successfully - sym options: 0x614 - pdb path: .;C:\Java\jdk-21.0.5\bin;C:\WINDOWS\SYSTEM32;C:\WINDOWS\WinSxS\amd64_microsoft.windows.common-controls_6595b64144ccf1df_6.0.26100.2454_none_3e0b68a2e331ad60;C:\Java\jdk-21.0.5\bin\server;C:\Users\ASUS\.gradle\native\c067742578af261105cb4f569cf0c3c89f3d7b1fecec35dd04571415982c5e48\windows-amd64;C:\Users\ASUS\.gradle\native\100fb08df4bc3b14c8652ba06237920a3bd2aa13389f12d3474272988ae205f9\windows-amd64

VM Arguments:
jvm_args: --add-opens=java.base/java.util=ALL-UNNAMED --add-opens=java.base/java.lang=ALL-UNNAMED --add-opens=java.base/java.lang.invoke=ALL-UNNAMED --add-opens=java.prefs/java.util.prefs=ALL-UNNAMED --add-exports=jdk.compiler/com.sun.tools.javac.api=ALL-UNNAMED --add-exports=jdk.compiler/com.sun.tools.javac.util=ALL-UNNAMED --add-opens=java.base/java.nio.charset=ALL-UNNAMED --add-opens=java.base/java.net=ALL-UNNAMED --add-opens=java.base/java.util.concurrent.atomic=ALL-UNNAMED -Xmx2048m -Dfile.encoding=UTF-8 -Duser.country=US -Duser.language=en -Duser.variant -javaagent:C:\Users\ASUS\.gradle\wrapper\dists\gradle-8.9-bin\90cnw93cvbtalezasaz0blq0a\gradle-8.9\lib\agents\gradle-instrumentation-agent-8.9.jar 
java_command: org.gradle.launcher.daemon.bootstrap.GradleDaemon 8.9
java_class_path (initial): C:\Users\ASUS\.gradle\wrapper\dists\gradle-8.9-bin\90cnw93cvbtalezasaz0blq0a\gradle-8.9\lib\gradle-daemon-main-8.9.jar
Launcher Type: SUN_STANDARD

[Global flags]
     intx CICompilerCount                          = 4                                         {product} {ergonomic}
     uint ConcGCThreads                            = 3                                         {product} {ergonomic}
     uint G1ConcRefinementThreads                  = 10                                        {product} {ergonomic}
   size_t G1HeapRegionSize                         = 1048576                                   {product} {ergonomic}
    uintx GCDrainStackTargetSize                   = 64                                        {product} {ergonomic}
   size_t InitialHeapSize                          = 130023424                                 {product} {ergonomic}
   size_t MarkStackSize                            = 4194304                                   {product} {ergonomic}
   size_t MaxHeapSize                              = 2147483648                                {product} {command line}
   size_t MaxNewSize                               = 1287651328                                {product} {ergonomic}
   size_t MinHeapDeltaBytes                        = 1048576                                   {product} {ergonomic}
   size_t MinHeapSize                              = 8388608                                   {product} {ergonomic}
    uintx NonNMethodCodeHeapSize                   = 5839372                                {pd product} {ergonomic}
    uintx NonProfiledCodeHeapSize                  = 122909434                              {pd product} {ergonomic}
    uintx ProfiledCodeHeapSize                     = 122909434                              {pd product} {ergonomic}
    uintx ReservedCodeCacheSize                    = 251658240                              {pd product} {ergonomic}
     bool SegmentedCodeCache                       = true                                      {product} {ergonomic}
   size_t SoftMaxHeapSize                          = 2147483648                             {manageable} {ergonomic}
     bool UseCompressedOops                        = true                           {product lp64_product} {ergonomic}
     bool UseG1GC                                  = true                                      {product} {ergonomic}
     bool UseLargePagesIndividualAllocation        = false                                  {pd product} {ergonomic}

Logging:
Log output configuration:
 #0: stdout all=warning uptime,level,tags foldmultilines=false
 #1: stderr all=off uptime,level,tags foldmultilines=false

Environment Variables:
JAVA_HOME=C:\Java\jdk-21.0.5
PATH=C:\app\ASUS\product\21c\dbhomeXE\bin;C:\Windows\system32;C:\Windows;C:\Windows\System32\Wbem;C:\Windows\System32\WindowsPowerShell\v1.0\;C:\Windows\System32\OpenSSH\;C:\Program Files (x86)\NVIDIA Corporation\PhysX\Common;C:\Program Files\NVIDIA Corporation\NVIDIA NvDLISR;C:\Program Files\nodejs\;C:\Java\jdk-23.0.1\bin;C:\WINDOWS\system32;C:\WINDOWS;C:\WINDOWS\System32\Wbem;C:\WINDOWS\System32\WindowsPowerShell\v1.0\;C:\WINDOWS\System32\OpenSSH\;C:\Program Files\Git\cmd;C:\Users\ASUS\AppData\Local\Microsoft\WindowsApps;C:\Users\ASUS\AppData\Local\Programs\Microsoft VS Code\bin;C:\Users\ASUS\AppData\Roaming\npm;C:\Users\ASUS\AppData\Local\GitHubDesktop\bin
USERNAME=ASUS
OS=Windows_NT
PROCESSOR_IDENTIFIER=Intel64 Family 6 Model 141 Stepping 1, GenuineIntel
TMP=C:\Users\ASUS\AppData\Local\Temp
TEMP=C:\Users\ASUS\AppData\Local\Temp




Periodic native trim disabled

---------------  S Y S T E M  ---------------

OS:
 Windows 11 , 64 bit Build 26100 (10.0.26100.2454)
OS uptime: 1 days 4:35 hours

CPU: total 12 (initial active 12) (6 cores per cpu, 2 threads per core) family 6 model 141 stepping 1 microcode 0x50, cx8, cmov, fxsr, ht, mmx, 3dnowpref, sse, sse2, sse3, ssse3, sse4.1, sse4.2, popcnt, lzcnt, tsc, tscinvbit, avx, avx2, aes, erms, clmul, bmi1, bmi2, adx, avx512f, avx512dq, avx512cd, avx512bw, avx512vl, sha, fma, vzeroupper, avx512_vpopcntdq, avx512_vpclmulqdq, avx512_vaes, avx512_vnni, clflush, clflushopt, clwb, avx512_vbmi2, avx512_vbmi, rdtscp, rdpid, fsrm, gfni, avx512_bitalg, f16c, pku, cet_ibt, cet_ss, avx512_ifma
Processor Information for all 12 processors :
  Max Mhz: 2688, Current Mhz: 2688, Mhz Limit: 2688

Memory: 4k page, system-wide physical 7930M (53M free)
TotalPageFile size 20218M (AvailPageFile size 3M)
current process WorkingSet (physical memory assigned to process): 70M, peak: 122M
current process commit charge ("private bytes"): 269M, peak: 271M

vm_info: Java HotSpot(TM) 64-Bit Server VM (21.0.5+9-LTS-239) for windows-amd64 JRE (21.0.5+9-LTS-239), built on 2024-09-30T05:17:38Z by "mach5one" with MS VC++ 17.6 (VS2022)

END.
